2023-11-21 21:10:25,788 Namespace(eval_interval=1, frequent=10, gpu=True, num_workers=4, out_dir='out')
2023-11-21 21:10:26,089 => load 200 samples
2023-11-21 21:10:26,091 => load 200 samples
2023-11-21 21:10:29,984 Epoch: [0][0/200]	Time 3.892s (3.892s)	Speed 8.2 samples/s	Data 2.425s (2.425s)	Loss 2.53592 (2.53592)
2023-11-21 21:10:30,094 Epoch: [0][10/200]	Time 0.010s (0.364s)	Speed 3047.6 samples/s	Data 0.000s (0.221s)	Loss 2.05214 (2.26244)
2023-11-21 21:10:30,203 Epoch: [0][20/200]	Time 0.011s (0.196s)	Speed 2909.2 samples/s	Data 0.000s (0.116s)	Loss 1.76709 (2.08488)
2023-11-21 21:10:30,303 Epoch: [0][30/200]	Time 0.010s (0.136s)	Speed 3200.2 samples/s	Data 0.000s (0.079s)	Loss 1.51455 (1.93499)
2023-11-21 21:10:30,404 Epoch: [0][40/200]	Time 0.009s (0.105s)	Speed 3368.7 samples/s	Data 0.000s (0.059s)	Loss 1.28896 (1.80161)
2023-11-21 21:10:30,504 Epoch: [0][50/200]	Time 0.009s (0.087s)	Speed 3369.2 samples/s	Data 0.000s (0.048s)	Loss 1.09715 (1.68087)
2023-11-21 21:10:30,602 Epoch: [0][60/200]	Time 0.009s (0.074s)	Speed 3368.6 samples/s	Data 0.000s (0.040s)	Loss 0.92873 (1.56934)
2023-11-21 21:10:30,700 Epoch: [0][70/200]	Time 0.009s (0.065s)	Speed 3368.5 samples/s	Data 0.000s (0.034s)	Loss 0.77101 (1.46747)
2023-11-21 21:10:30,798 Epoch: [0][80/200]	Time 0.010s (0.058s)	Speed 3200.4 samples/s	Data 0.000s (0.030s)	Loss 0.66046 (1.37406)
2023-11-21 21:10:30,896 Epoch: [0][90/200]	Time 0.010s (0.053s)	Speed 3200.2 samples/s	Data 0.001s (0.027s)	Loss 0.57914 (1.28979)
2023-11-21 21:10:30,995 Epoch: [0][100/200]	Time 0.010s (0.049s)	Speed 3368.2 samples/s	Data 0.000s (0.024s)	Loss 0.48587 (1.21380)
2023-11-21 21:10:31,093 Epoch: [0][110/200]	Time 0.009s (0.045s)	Speed 3368.6 samples/s	Data 0.000s (0.022s)	Loss 0.41596 (1.14515)
2023-11-21 21:10:31,191 Epoch: [0][120/200]	Time 0.010s (0.042s)	Speed 3200.2 samples/s	Data 0.000s (0.020s)	Loss 0.36422 (1.08329)
2023-11-21 21:10:31,288 Epoch: [0][130/200]	Time 0.009s (0.040s)	Speed 3369.1 samples/s	Data 0.000s (0.019s)	Loss 0.34773 (1.02724)
2023-11-21 21:10:31,386 Epoch: [0][140/200]	Time 0.010s (0.038s)	Speed 3200.1 samples/s	Data 0.000s (0.017s)	Loss 0.30919 (0.97736)
2023-11-21 21:10:31,484 Epoch: [0][150/200]	Time 0.009s (0.036s)	Speed 3368.9 samples/s	Data 0.000s (0.016s)	Loss 0.28823 (0.93180)
2023-11-21 21:10:31,583 Epoch: [0][160/200]	Time 0.010s (0.034s)	Speed 3200.1 samples/s	Data 0.000s (0.015s)	Loss 0.27092 (0.89081)
2023-11-21 21:10:31,682 Epoch: [0][170/200]	Time 0.010s (0.033s)	Speed 3200.1 samples/s	Data 0.001s (0.014s)	Loss 0.25963 (0.85356)
2023-11-21 21:10:31,779 Epoch: [0][180/200]	Time 0.009s (0.031s)	Speed 3368.5 samples/s	Data 0.000s (0.014s)	Loss 0.23167 (0.81970)
2023-11-21 21:10:31,877 Epoch: [0][190/200]	Time 0.009s (0.030s)	Speed 3368.5 samples/s	Data 0.000s (0.013s)	Loss 0.20746 (0.78823)
2023-11-21 21:10:33,708 Test: [0/200]	Time 1.517 (1.517)	Loss 0.4226 (0.4226)
2023-11-21 21:10:33,764 Test: [10/200]	Time 0.003 (0.143)	Loss 0.1483 (0.3486)
2023-11-21 21:10:33,805 Test: [20/200]	Time 0.004 (0.077)	Loss 0.2541 (0.3592)
2023-11-21 21:10:33,852 Test: [30/200]	Time 0.004 (0.054)	Loss 0.5047 (0.3642)
2023-11-21 21:10:33,898 Test: [40/200]	Time 0.004 (0.042)	Loss 0.3855 (0.3783)
2023-11-21 21:10:33,943 Test: [50/200]	Time 0.004 (0.034)	Loss 0.4570 (0.3817)
2023-11-21 21:10:33,988 Test: [60/200]	Time 0.004 (0.029)	Loss 0.4318 (0.3821)
2023-11-21 21:10:34,033 Test: [70/200]	Time 0.004 (0.026)	Loss 0.3659 (0.3812)
2023-11-21 21:10:34,077 Test: [80/200]	Time 0.004 (0.023)	Loss 0.4473 (0.3763)
2023-11-21 21:10:34,122 Test: [90/200]	Time 0.004 (0.021)	Loss 0.4559 (0.3794)
2023-11-21 21:10:34,166 Test: [100/200]	Time 0.004 (0.020)	Loss 0.4597 (0.3781)
2023-11-21 21:10:34,211 Test: [110/200]	Time 0.004 (0.018)	Loss 0.4533 (0.3800)
2023-11-21 21:10:34,255 Test: [120/200]	Time 0.004 (0.017)	Loss 0.4372 (0.3776)
2023-11-21 21:10:34,299 Test: [130/200]	Time 0.004 (0.016)	Loss 0.3685 (0.3816)
2023-11-21 21:10:34,343 Test: [140/200]	Time 0.004 (0.015)	Loss 0.3462 (0.3806)
2023-11-21 21:10:34,388 Test: [150/200]	Time 0.005 (0.015)	Loss 0.4117 (0.3796)
2023-11-21 21:10:34,437 Test: [160/200]	Time 0.004 (0.014)	Loss 0.4064 (0.3795)
2023-11-21 21:10:34,483 Test: [170/200]	Time 0.004 (0.013)	Loss 0.2800 (0.3772)
2023-11-21 21:10:34,528 Test: [180/200]	Time 0.004 (0.013)	Loss 0.3144 (0.3753)
2023-11-21 21:10:34,574 Test: [190/200]	Time 0.004 (0.012)	Loss 0.3175 (0.3765)
2023-11-21 21:10:35,268 Mean IoU score: 0.198
2023-11-21 21:10:35,273 => saving checkpoint to out
2023-11-21 21:10:36,988 Epoch: [1][0/200]	Time 1.689s (1.689s)	Speed 18.9 samples/s	Data 1.631s (1.631s)	Loss 0.19974 (0.19974)
2023-11-21 21:10:37,354 Epoch: [1][10/200]	Time 0.024s (0.187s)	Speed 1333.4 samples/s	Data 0.000s (0.154s)	Loss 0.19962 (0.20783)
2023-11-21 21:10:37,490 Epoch: [1][20/200]	Time 0.010s (0.104s)	Speed 3047.6 samples/s	Data 0.000s (0.081s)	Loss 0.24630 (0.20328)
2023-11-21 21:10:37,597 Epoch: [1][30/200]	Time 0.010s (0.074s)	Speed 3047.8 samples/s	Data 0.000s (0.055s)	Loss 0.16511 (0.19949)
2023-11-21 21:10:37,699 Epoch: [1][40/200]	Time 0.010s (0.059s)	Speed 3200.1 samples/s	Data 0.000s (0.041s)	Loss 0.17596 (0.19413)
2023-11-21 21:10:37,800 Epoch: [1][50/200]	Time 0.009s (0.049s)	Speed 3368.5 samples/s	Data 0.000s (0.033s)	Loss 0.15065 (0.18998)
2023-11-21 21:10:37,900 Epoch: [1][60/200]	Time 0.010s (0.043s)	Speed 3200.1 samples/s	Data 0.000s (0.028s)	Loss 0.16236 (0.18600)
2023-11-21 21:10:38,003 Epoch: [1][70/200]	Time 0.010s (0.038s)	Speed 3200.2 samples/s	Data 0.000s (0.024s)	Loss 0.15333 (0.18176)
2023-11-21 21:10:38,103 Epoch: [1][80/200]	Time 0.009s (0.035s)	Speed 3368.6 samples/s	Data 0.000s (0.021s)	Loss 0.11867 (0.17695)
2023-11-21 21:10:38,202 Epoch: [1][90/200]	Time 0.009s (0.032s)	Speed 3368.5 samples/s	Data 0.000s (0.019s)	Loss 0.13542 (0.17215)
2023-11-21 21:10:38,300 Epoch: [1][100/200]	Time 0.009s (0.030s)	Speed 3368.5 samples/s	Data 0.000s (0.017s)	Loss 0.12479 (0.16881)
2023-11-21 21:10:38,400 Epoch: [1][110/200]	Time 0.010s (0.028s)	Speed 3199.9 samples/s	Data 0.000s (0.015s)	Loss 0.11500 (0.16511)
2023-11-21 21:10:38,502 Epoch: [1][120/200]	Time 0.010s (0.026s)	Speed 3368.4 samples/s	Data 0.000s (0.014s)	Loss 0.10271 (0.16081)
2023-11-21 21:10:38,601 Epoch: [1][130/200]	Time 0.009s (0.025s)	Speed 3368.7 samples/s	Data 0.000s (0.013s)	Loss 0.09836 (0.15680)
2023-11-21 21:10:38,702 Epoch: [1][140/200]	Time 0.009s (0.024s)	Speed 3368.6 samples/s	Data 0.000s (0.012s)	Loss 0.11878 (0.15317)
2023-11-21 21:10:38,802 Epoch: [1][150/200]	Time 0.010s (0.023s)	Speed 3200.2 samples/s	Data 0.000s (0.011s)	Loss 0.08867 (0.14956)
2023-11-21 21:10:38,901 Epoch: [1][160/200]	Time 0.010s (0.022s)	Speed 3200.0 samples/s	Data 0.000s (0.011s)	Loss 0.09943 (0.14630)
2023-11-21 21:10:39,001 Epoch: [1][170/200]	Time 0.010s (0.022s)	Speed 3200.2 samples/s	Data 0.000s (0.010s)	Loss 0.08720 (0.14324)
2023-11-21 21:10:39,101 Epoch: [1][180/200]	Time 0.010s (0.021s)	Speed 3200.0 samples/s	Data 0.001s (0.010s)	Loss 0.09154 (0.14025)
2023-11-21 21:10:39,201 Epoch: [1][190/200]	Time 0.010s (0.020s)	Speed 3047.8 samples/s	Data 0.000s (0.009s)	Loss 0.08865 (0.13746)
2023-11-21 21:10:41,216 Test: [0/200]	Time 1.702 (1.702)	Loss 0.2099 (0.2099)
2023-11-21 21:10:41,264 Test: [10/200]	Time 0.004 (0.159)	Loss 0.0628 (0.1656)
2023-11-21 21:10:41,313 Test: [20/200]	Time 0.004 (0.086)	Loss 0.1289 (0.1674)
2023-11-21 21:10:41,362 Test: [30/200]	Time 0.004 (0.060)	Loss 0.2411 (0.1755)
2023-11-21 21:10:41,411 Test: [40/200]	Time 0.005 (0.046)	Loss 0.1740 (0.1818)
2023-11-21 21:10:41,462 Test: [50/200]	Time 0.004 (0.038)	Loss 0.2305 (0.1826)
2023-11-21 21:10:41,510 Test: [60/200]	Time 0.004 (0.033)	Loss 0.2108 (0.1849)
2023-11-21 21:10:41,559 Test: [70/200]	Time 0.004 (0.029)	Loss 0.1459 (0.1842)
2023-11-21 21:10:41,609 Test: [80/200]	Time 0.004 (0.026)	Loss 0.2300 (0.1819)
2023-11-21 21:10:41,660 Test: [90/200]	Time 0.004 (0.024)	Loss 0.2448 (0.1839)
2023-11-21 21:10:41,712 Test: [100/200]	Time 0.004 (0.022)	Loss 0.2700 (0.1831)
2023-11-21 21:10:41,763 Test: [110/200]	Time 0.005 (0.020)	Loss 0.2455 (0.1835)
2023-11-21 21:10:41,812 Test: [120/200]	Time 0.004 (0.019)	Loss 0.2294 (0.1819)
2023-11-21 21:10:41,862 Test: [130/200]	Time 0.005 (0.018)	Loss 0.1495 (0.1837)
2023-11-21 21:10:41,912 Test: [140/200]	Time 0.004 (0.017)	Loss 0.1645 (0.1832)
2023-11-21 21:10:41,962 Test: [150/200]	Time 0.006 (0.016)	Loss 0.1717 (0.1818)
2023-11-21 21:10:42,011 Test: [160/200]	Time 0.004 (0.016)	Loss 0.2179 (0.1816)
2023-11-21 21:10:42,059 Test: [170/200]	Time 0.004 (0.015)	Loss 0.1530 (0.1800)
2023-11-21 21:10:42,108 Test: [180/200]	Time 0.005 (0.014)	Loss 0.1405 (0.1787)
2023-11-21 21:10:42,156 Test: [190/200]	Time 0.004 (0.014)	Loss 0.1277 (0.1794)
2023-11-21 21:10:42,842 Mean IoU score: 0.638
2023-11-21 21:10:42,847 => saving checkpoint to out
2023-11-21 21:10:44,718 Epoch: [2][0/200]	Time 1.847s (1.847s)	Speed 17.3 samples/s	Data 1.800s (1.800s)	Loss 0.06889 (0.06889)
2023-11-21 21:10:45,082 Epoch: [2][10/200]	Time 0.021s (0.201s)	Speed 1523.9 samples/s	Data 0.000s (0.170s)	Loss 0.07750 (0.07985)
2023-11-21 21:10:45,247 Epoch: [2][20/200]	Time 0.011s (0.113s)	Speed 2909.2 samples/s	Data 0.000s (0.089s)	Loss 0.07949 (0.07732)
2023-11-21 21:10:45,358 Epoch: [2][30/200]	Time 0.010s (0.080s)	Speed 3200.2 samples/s	Data 0.000s (0.061s)	Loss 0.07016 (0.07433)
2023-11-21 21:10:45,459 Epoch: [2][40/200]	Time 0.010s (0.063s)	Speed 3368.3 samples/s	Data 0.000s (0.046s)	Loss 0.06313 (0.07352)
2023-11-21 21:10:45,558 Epoch: [2][50/200]	Time 0.009s (0.053s)	Speed 3368.6 samples/s	Data 0.000s (0.037s)	Loss 0.05917 (0.07170)
2023-11-21 21:10:45,657 Epoch: [2][60/200]	Time 0.009s (0.046s)	Speed 3368.6 samples/s	Data 0.000s (0.031s)	Loss 0.05601 (0.07013)
2023-11-21 21:10:45,756 Epoch: [2][70/200]	Time 0.009s (0.041s)	Speed 3368.7 samples/s	Data 0.000s (0.027s)	Loss 0.06892 (0.06860)
2023-11-21 21:10:45,854 Epoch: [2][80/200]	Time 0.009s (0.037s)	Speed 3368.5 samples/s	Data 0.001s (0.023s)	Loss 0.06056 (0.06745)
2023-11-21 21:10:45,953 Epoch: [2][90/200]	Time 0.009s (0.034s)	Speed 3368.6 samples/s	Data 0.001s (0.021s)	Loss 0.04925 (0.06603)
2023-11-21 21:10:46,051 Epoch: [2][100/200]	Time 0.010s (0.031s)	Speed 3367.9 samples/s	Data 0.000s (0.019s)	Loss 0.05722 (0.06451)
2023-11-21 21:10:46,148 Epoch: [2][110/200]	Time 0.010s (0.030s)	Speed 3200.2 samples/s	Data 0.001s (0.017s)	Loss 0.05685 (0.06404)
2023-11-21 21:10:46,246 Epoch: [2][120/200]	Time 0.009s (0.028s)	Speed 3368.5 samples/s	Data 0.000s (0.016s)	Loss 0.05616 (0.06290)
2023-11-21 21:10:46,345 Epoch: [2][130/200]	Time 0.009s (0.027s)	Speed 3368.5 samples/s	Data 0.000s (0.014s)	Loss 0.05423 (0.06200)
2023-11-21 21:10:46,442 Epoch: [2][140/200]	Time 0.009s (0.025s)	Speed 3368.6 samples/s	Data 0.000s (0.013s)	Loss 0.05392 (0.06113)
2023-11-21 21:10:46,541 Epoch: [2][150/200]	Time 0.009s (0.024s)	Speed 3368.5 samples/s	Data 0.000s (0.013s)	Loss 0.04421 (0.06052)
2023-11-21 21:10:46,639 Epoch: [2][160/200]	Time 0.009s (0.023s)	Speed 3368.6 samples/s	Data 0.000s (0.012s)	Loss 0.04197 (0.05954)
2023-11-21 21:10:46,737 Epoch: [2][170/200]	Time 0.009s (0.023s)	Speed 3369.1 samples/s	Data 0.000s (0.011s)	Loss 0.04710 (0.05873)
2023-11-21 21:10:46,837 Epoch: [2][180/200]	Time 0.010s (0.022s)	Speed 3200.2 samples/s	Data 0.000s (0.011s)	Loss 0.04150 (0.05787)
2023-11-21 21:10:46,940 Epoch: [2][190/200]	Time 0.009s (0.021s)	Speed 3368.6 samples/s	Data 0.000s (0.010s)	Loss 0.05424 (0.05714)
2023-11-21 21:10:48,955 Test: [0/200]	Time 1.702 (1.702)	Loss 0.1395 (0.1395)
2023-11-21 21:10:49,004 Test: [10/200]	Time 0.005 (0.159)	Loss 0.0345 (0.1161)
2023-11-21 21:10:49,057 Test: [20/200]	Time 0.004 (0.086)	Loss 0.0792 (0.1219)
2023-11-21 21:10:49,108 Test: [30/200]	Time 0.004 (0.060)	Loss 0.1767 (0.1276)
2023-11-21 21:10:49,161 Test: [40/200]	Time 0.004 (0.047)	Loss 0.1603 (0.1340)
2023-11-21 21:10:49,212 Test: [50/200]	Time 0.004 (0.038)	Loss 0.1786 (0.1326)
2023-11-21 21:10:49,262 Test: [60/200]	Time 0.004 (0.033)	Loss 0.1453 (0.1350)
2023-11-21 21:10:49,310 Test: [70/200]	Time 0.004 (0.029)	Loss 0.1076 (0.1338)
2023-11-21 21:10:49,358 Test: [80/200]	Time 0.004 (0.026)	Loss 0.1431 (0.1317)
2023-11-21 21:10:49,407 Test: [90/200]	Time 0.004 (0.024)	Loss 0.1538 (0.1340)
2023-11-21 21:10:49,455 Test: [100/200]	Time 0.004 (0.022)	Loss 0.2110 (0.1340)
2023-11-21 21:10:49,505 Test: [110/200]	Time 0.004 (0.020)	Loss 0.2017 (0.1353)
2023-11-21 21:10:49,552 Test: [120/200]	Time 0.004 (0.019)	Loss 0.1491 (0.1335)
2023-11-21 21:10:49,602 Test: [130/200]	Time 0.005 (0.018)	Loss 0.1190 (0.1351)
2023-11-21 21:10:49,650 Test: [140/200]	Time 0.004 (0.017)	Loss 0.0983 (0.1340)
2023-11-21 21:10:49,700 Test: [150/200]	Time 0.004 (0.016)	Loss 0.1207 (0.1331)
2023-11-21 21:10:49,750 Test: [160/200]	Time 0.004 (0.016)	Loss 0.1416 (0.1326)
2023-11-21 21:10:49,798 Test: [170/200]	Time 0.004 (0.015)	Loss 0.1507 (0.1315)
2023-11-21 21:10:49,847 Test: [180/200]	Time 0.004 (0.014)	Loss 0.1232 (0.1302)
2023-11-21 21:10:49,894 Test: [190/200]	Time 0.005 (0.014)	Loss 0.0867 (0.1304)
2023-11-21 21:10:50,590 Mean IoU score: 0.715
2023-11-21 21:10:50,596 => saving checkpoint to out
2023-11-21 21:10:52,301 Epoch: [3][0/200]	Time 1.684s (1.684s)	Speed 19.0 samples/s	Data 1.634s (1.634s)	Loss 0.03835 (0.03835)
2023-11-21 21:10:52,635 Epoch: [3][10/200]	Time 0.010s (0.183s)	Speed 3047.8 samples/s	Data 0.000s (0.153s)	Loss 0.03995 (0.04044)
2023-11-21 21:10:52,742 Epoch: [3][20/200]	Time 0.011s (0.101s)	Speed 2909.4 samples/s	Data 0.000s (0.080s)	Loss 0.06154 (0.03959)
2023-11-21 21:10:52,845 Epoch: [3][30/200]	Time 0.009s (0.072s)	Speed 3368.7 samples/s	Data 0.000s (0.054s)	Loss 0.02512 (0.03870)
2023-11-21 21:10:52,946 Epoch: [3][40/200]	Time 0.010s (0.057s)	Speed 3047.7 samples/s	Data 0.001s (0.041s)	Loss 0.03332 (0.03789)
2023-11-21 21:10:53,044 Epoch: [3][50/200]	Time 0.009s (0.048s)	Speed 3368.5 samples/s	Data 0.000s (0.033s)	Loss 0.02868 (0.03711)
2023-11-21 21:10:53,143 Epoch: [3][60/200]	Time 0.009s (0.041s)	Speed 3368.7 samples/s	Data 0.000s (0.028s)	Loss 0.03497 (0.03641)
2023-11-21 21:10:53,242 Epoch: [3][70/200]	Time 0.009s (0.037s)	Speed 3368.5 samples/s	Data 0.000s (0.024s)	Loss 0.03696 (0.03619)
2023-11-21 21:10:53,341 Epoch: [3][80/200]	Time 0.010s (0.034s)	Speed 3200.2 samples/s	Data 0.000s (0.021s)	Loss 0.02520 (0.03599)
2023-11-21 21:10:53,441 Epoch: [3][90/200]	Time 0.009s (0.031s)	Speed 3368.7 samples/s	Data 0.000s (0.019s)	Loss 0.03268 (0.03576)
2023-11-21 21:10:53,540 Epoch: [3][100/200]	Time 0.010s (0.029s)	Speed 3200.2 samples/s	Data 0.000s (0.017s)	Loss 0.03280 (0.03556)
2023-11-21 21:10:53,639 Epoch: [3][110/200]	Time 0.010s (0.027s)	Speed 3200.2 samples/s	Data 0.001s (0.015s)	Loss 0.03119 (0.03544)
2023-11-21 21:10:53,738 Epoch: [3][120/200]	Time 0.010s (0.026s)	Speed 3200.2 samples/s	Data 0.000s (0.014s)	Loss 0.04373 (0.03542)
2023-11-21 21:10:53,837 Epoch: [3][130/200]	Time 0.009s (0.025s)	Speed 3368.5 samples/s	Data 0.000s (0.013s)	Loss 0.03283 (0.03531)
2023-11-21 21:10:53,936 Epoch: [3][140/200]	Time 0.009s (0.024s)	Speed 3368.7 samples/s	Data 0.000s (0.012s)	Loss 0.03230 (0.03508)
2023-11-21 21:10:54,035 Epoch: [3][150/200]	Time 0.009s (0.023s)	Speed 3368.6 samples/s	Data 0.000s (0.011s)	Loss 0.02526 (0.03497)
2023-11-21 21:10:54,133 Epoch: [3][160/200]	Time 0.010s (0.022s)	Speed 3200.2 samples/s	Data 0.000s (0.011s)	Loss 0.02880 (0.03496)
2023-11-21 21:10:54,232 Epoch: [3][170/200]	Time 0.009s (0.021s)	Speed 3368.7 samples/s	Data 0.000s (0.010s)	Loss 0.04154 (0.03472)
2023-11-21 21:10:54,331 Epoch: [3][180/200]	Time 0.009s (0.021s)	Speed 3368.5 samples/s	Data 0.000s (0.009s)	Loss 0.03379 (0.03442)
2023-11-21 21:10:54,433 Epoch: [3][190/200]	Time 0.010s (0.020s)	Speed 3200.1 samples/s	Data 0.001s (0.009s)	Loss 0.02615 (0.03414)
2023-11-21 21:10:56,572 Test: [0/200]	Time 1.799 (1.799)	Loss 0.1378 (0.1378)
2023-11-21 21:10:56,630 Test: [10/200]	Time 0.005 (0.169)	Loss 0.0285 (0.0922)
2023-11-21 21:10:56,686 Test: [20/200]	Time 0.005 (0.091)	Loss 0.0512 (0.0927)
2023-11-21 21:10:56,745 Test: [30/200]	Time 0.005 (0.064)	Loss 0.1369 (0.0972)
2023-11-21 21:10:56,805 Test: [40/200]	Time 0.005 (0.050)	Loss 0.1046 (0.1023)
2023-11-21 21:10:56,859 Test: [50/200]	Time 0.005 (0.041)	Loss 0.1274 (0.0998)
2023-11-21 21:10:56,912 Test: [60/200]	Time 0.005 (0.035)	Loss 0.1026 (0.1015)
2023-11-21 21:10:56,967 Test: [70/200]	Time 0.005 (0.031)	Loss 0.1036 (0.1030)
2023-11-21 21:10:57,021 Test: [80/200]	Time 0.005 (0.028)	Loss 0.1086 (0.1014)
2023-11-21 21:10:57,077 Test: [90/200]	Time 0.005 (0.025)	Loss 0.1014 (0.1035)
2023-11-21 21:10:57,131 Test: [100/200]	Time 0.005 (0.023)	Loss 0.1610 (0.1032)
2023-11-21 21:10:57,186 Test: [110/200]	Time 0.005 (0.022)	Loss 0.1980 (0.1049)
2023-11-21 21:10:57,240 Test: [120/200]	Time 0.005 (0.020)	Loss 0.1063 (0.1037)
2023-11-21 21:10:57,295 Test: [130/200]	Time 0.005 (0.019)	Loss 0.0999 (0.1045)
2023-11-21 21:10:57,349 Test: [140/200]	Time 0.005 (0.018)	Loss 0.1046 (0.1038)
2023-11-21 21:10:57,404 Test: [150/200]	Time 0.005 (0.017)	Loss 0.1079 (0.1028)
2023-11-21 21:10:57,457 Test: [160/200]	Time 0.005 (0.017)	Loss 0.1004 (0.1030)
2023-11-21 21:10:57,512 Test: [170/200]	Time 0.005 (0.016)	Loss 0.0988 (0.1021)
2023-11-21 21:10:57,566 Test: [180/200]	Time 0.004 (0.015)	Loss 0.0619 (0.1011)
2023-11-21 21:10:57,620 Test: [190/200]	Time 0.004 (0.015)	Loss 0.0617 (0.1011)
2023-11-21 21:10:58,633 Mean IoU score: 0.767
2023-11-21 21:10:58,638 => saving checkpoint to out
2023-11-21 21:11:00,482 Epoch: [4][0/200]	Time 1.818s (1.818s)	Speed 17.6 samples/s	Data 1.774s (1.774s)	Loss 0.03283 (0.03283)
2023-11-21 21:11:00,826 Epoch: [4][10/200]	Time 0.011s (0.197s)	Speed 2782.8 samples/s	Data 0.000s (0.168s)	Loss 0.02417 (0.02753)
2023-11-21 21:11:00,933 Epoch: [4][20/200]	Time 0.010s (0.108s)	Speed 3047.7 samples/s	Data 0.000s (0.088s)	Loss 0.02195 (0.02607)
2023-11-21 21:11:01,038 Epoch: [4][30/200]	Time 0.010s (0.077s)	Speed 3368.3 samples/s	Data 0.000s (0.060s)	Loss 0.02315 (0.02597)
2023-11-21 21:11:01,137 Epoch: [4][40/200]	Time 0.010s (0.060s)	Speed 3368.0 samples/s	Data 0.000s (0.045s)	Loss 0.02270 (0.02608)
2023-11-21 21:11:01,237 Epoch: [4][50/200]	Time 0.010s (0.050s)	Speed 3200.2 samples/s	Data 0.000s (0.036s)	Loss 0.02206 (0.02572)
2023-11-21 21:11:01,337 Epoch: [4][60/200]	Time 0.009s (0.044s)	Speed 3368.5 samples/s	Data 0.000s (0.030s)	Loss 0.02009 (0.02535)
2023-11-21 21:11:01,437 Epoch: [4][70/200]	Time 0.010s (0.039s)	Speed 3199.9 samples/s	Data 0.000s (0.026s)	Loss 0.02565 (0.02547)
2023-11-21 21:11:01,537 Epoch: [4][80/200]	Time 0.010s (0.035s)	Speed 3200.4 samples/s	Data 0.000s (0.023s)	Loss 0.02552 (0.02534)
2023-11-21 21:11:01,638 Epoch: [4][90/200]	Time 0.009s (0.033s)	Speed 3368.5 samples/s	Data 0.000s (0.021s)	Loss 0.02626 (0.02513)
2023-11-21 21:11:01,738 Epoch: [4][100/200]	Time 0.009s (0.030s)	Speed 3368.5 samples/s	Data 0.000s (0.019s)	Loss 0.02446 (0.02506)
2023-11-21 21:11:01,837 Epoch: [4][110/200]	Time 0.009s (0.029s)	Speed 3368.6 samples/s	Data 0.000s (0.017s)	Loss 0.02564 (0.02514)
2023-11-21 21:11:01,939 Epoch: [4][120/200]	Time 0.010s (0.027s)	Speed 3200.1 samples/s	Data 0.001s (0.016s)	Loss 0.02561 (0.02494)
2023-11-21 21:11:02,039 Epoch: [4][130/200]	Time 0.010s (0.026s)	Speed 3200.2 samples/s	Data 0.000s (0.014s)	Loss 0.02260 (0.02489)
2023-11-21 21:11:02,139 Epoch: [4][140/200]	Time 0.010s (0.025s)	Speed 3368.0 samples/s	Data 0.000s (0.013s)	Loss 0.02387 (0.02492)
2023-11-21 21:11:02,238 Epoch: [4][150/200]	Time 0.010s (0.024s)	Speed 3200.2 samples/s	Data 0.001s (0.012s)	Loss 0.02141 (0.02488)
2023-11-21 21:11:02,337 Epoch: [4][160/200]	Time 0.009s (0.023s)	Speed 3368.6 samples/s	Data 0.000s (0.012s)	Loss 0.02070 (0.02468)
2023-11-21 21:11:02,437 Epoch: [4][170/200]	Time 0.010s (0.022s)	Speed 3200.2 samples/s	Data 0.001s (0.011s)	Loss 0.01970 (0.02465)
2023-11-21 21:11:02,537 Epoch: [4][180/200]	Time 0.010s (0.021s)	Speed 3200.2 samples/s	Data 0.000s (0.010s)	Loss 0.03189 (0.02461)
2023-11-21 21:11:02,637 Epoch: [4][190/200]	Time 0.009s (0.021s)	Speed 3368.6 samples/s	Data 0.000s (0.010s)	Loss 0.02596 (0.02453)
2023-11-21 21:11:04,573 Test: [0/200]	Time 1.598 (1.598)	Loss 0.0775 (0.0775)
2023-11-21 21:11:04,618 Test: [10/200]	Time 0.004 (0.149)	Loss 0.0405 (0.0781)
2023-11-21 21:11:04,668 Test: [20/200]	Time 0.005 (0.081)	Loss 0.0661 (0.0823)
2023-11-21 21:11:04,718 Test: [30/200]	Time 0.004 (0.056)	Loss 0.1152 (0.0871)
2023-11-21 21:11:04,769 Test: [40/200]	Time 0.004 (0.044)	Loss 0.0771 (0.0886)
2023-11-21 21:11:04,817 Test: [50/200]	Time 0.004 (0.036)	Loss 0.1200 (0.0888)
2023-11-21 21:11:04,864 Test: [60/200]	Time 0.005 (0.031)	Loss 0.1252 (0.0914)
2023-11-21 21:11:04,911 Test: [70/200]	Time 0.004 (0.027)	Loss 0.0824 (0.0910)
2023-11-21 21:11:04,963 Test: [80/200]	Time 0.004 (0.025)	Loss 0.0810 (0.0888)
2023-11-21 21:11:05,012 Test: [90/200]	Time 0.004 (0.022)	Loss 0.1186 (0.0903)
2023-11-21 21:11:05,058 Test: [100/200]	Time 0.004 (0.021)	Loss 0.1546 (0.0896)
2023-11-21 21:11:05,103 Test: [110/200]	Time 0.004 (0.019)	Loss 0.1368 (0.0907)
2023-11-21 21:11:05,147 Test: [120/200]	Time 0.004 (0.018)	Loss 0.0982 (0.0889)
2023-11-21 21:11:05,192 Test: [130/200]	Time 0.004 (0.017)	Loss 0.0781 (0.0893)
2023-11-21 21:11:05,237 Test: [140/200]	Time 0.004 (0.016)	Loss 0.0688 (0.0885)
2023-11-21 21:11:05,283 Test: [150/200]	Time 0.004 (0.015)	Loss 0.0730 (0.0874)
2023-11-21 21:11:05,328 Test: [160/200]	Time 0.004 (0.015)	Loss 0.0999 (0.0880)
2023-11-21 21:11:05,373 Test: [170/200]	Time 0.004 (0.014)	Loss 0.1225 (0.0873)
2023-11-21 21:11:05,417 Test: [180/200]	Time 0.004 (0.013)	Loss 0.0627 (0.0867)
2023-11-21 21:11:05,463 Test: [190/200]	Time 0.004 (0.013)	Loss 0.0407 (0.0866)
2023-11-21 21:11:06,156 Mean IoU score: 0.796
2023-11-21 21:11:06,161 => saving checkpoint to out
2023-11-21 21:11:07,953 Epoch: [5][0/200]	Time 1.766s (1.766s)	Speed 18.1 samples/s	Data 1.710s (1.710s)	Loss 0.01717 (0.01717)
2023-11-21 21:11:08,258 Epoch: [5][10/200]	Time 0.010s (0.188s)	Speed 3047.8 samples/s	Data 0.000s (0.161s)	Loss 0.01684 (0.02097)
2023-11-21 21:11:08,367 Epoch: [5][20/200]	Time 0.011s (0.104s)	Speed 2909.1 samples/s	Data 0.001s (0.084s)	Loss 0.02491 (0.02151)
2023-11-21 21:11:08,468 Epoch: [5][30/200]	Time 0.010s (0.074s)	Speed 3200.0 samples/s	Data 0.001s (0.057s)	Loss 0.02629 (0.02152)
2023-11-21 21:11:08,570 Epoch: [5][40/200]	Time 0.010s (0.058s)	Speed 3200.1 samples/s	Data 0.000s (0.043s)	Loss 0.02026 (0.02164)
2023-11-21 21:11:08,671 Epoch: [5][50/200]	Time 0.010s (0.049s)	Speed 3200.1 samples/s	Data 0.001s (0.035s)	Loss 0.02410 (0.02159)
2023-11-21 21:11:08,771 Epoch: [5][60/200]	Time 0.009s (0.042s)	Speed 3368.7 samples/s	Data 0.000s (0.029s)	Loss 0.01797 (0.02120)
2023-11-21 21:11:08,869 Epoch: [5][70/200]	Time 0.009s (0.038s)	Speed 3368.5 samples/s	Data 0.000s (0.025s)	Loss 0.01862 (0.02103)
2023-11-21 21:11:08,968 Epoch: [5][80/200]	Time 0.010s (0.034s)	Speed 3368.4 samples/s	Data 0.000s (0.022s)	Loss 0.01915 (0.02086)
2023-11-21 21:11:09,066 Epoch: [5][90/200]	Time 0.009s (0.032s)	Speed 3368.6 samples/s	Data 0.000s (0.020s)	Loss 0.01479 (0.02071)
2023-11-21 21:11:09,165 Epoch: [5][100/200]	Time 0.010s (0.029s)	Speed 3200.1 samples/s	Data 0.000s (0.018s)	Loss 0.02247 (0.02063)
2023-11-21 21:11:09,264 Epoch: [5][110/200]	Time 0.010s (0.028s)	Speed 3200.2 samples/s	Data 0.000s (0.016s)	Loss 0.02248 (0.02067)
2023-11-21 21:11:09,362 Epoch: [5][120/200]	Time 0.010s (0.026s)	Speed 3200.2 samples/s	Data 0.000s (0.015s)	Loss 0.01891 (0.02050)
2023-11-21 21:11:09,460 Epoch: [5][130/200]	Time 0.010s (0.025s)	Speed 3200.2 samples/s	Data 0.000s (0.014s)	Loss 0.02277 (0.02062)
2023-11-21 21:11:09,559 Epoch: [5][140/200]	Time 0.009s (0.024s)	Speed 3368.7 samples/s	Data 0.000s (0.013s)	Loss 0.02301 (0.02065)
2023-11-21 21:11:09,657 Epoch: [5][150/200]	Time 0.009s (0.023s)	Speed 3368.7 samples/s	Data 0.000s (0.012s)	Loss 0.02279 (0.02057)
2023-11-21 21:11:09,756 Epoch: [5][160/200]	Time 0.009s (0.022s)	Speed 3368.7 samples/s	Data 0.000s (0.011s)	Loss 0.02146 (0.02038)
2023-11-21 21:11:09,854 Epoch: [5][170/200]	Time 0.009s (0.021s)	Speed 3368.7 samples/s	Data 0.000s (0.011s)	Loss 0.01868 (0.02029)
2023-11-21 21:11:09,953 Epoch: [5][180/200]	Time 0.009s (0.021s)	Speed 3368.5 samples/s	Data 0.000s (0.010s)	Loss 0.01867 (0.02030)
2023-11-21 21:11:10,055 Epoch: [5][190/200]	Time 0.009s (0.020s)	Speed 3368.7 samples/s	Data 0.000s (0.009s)	Loss 0.01688 (0.02031)
2023-11-21 21:11:11,886 Test: [0/200]	Time 1.493 (1.493)	Loss 0.0758 (0.0758)
2023-11-21 21:11:11,924 Test: [10/200]	Time 0.003 (0.139)	Loss 0.0165 (0.0684)
2023-11-21 21:11:11,961 Test: [20/200]	Time 0.003 (0.075)	Loss 0.0408 (0.0669)
2023-11-21 21:11:12,000 Test: [30/200]	Time 0.003 (0.052)	Loss 0.1186 (0.0737)
2023-11-21 21:11:12,042 Test: [40/200]	Time 0.004 (0.040)	Loss 0.0638 (0.0765)
2023-11-21 21:11:12,083 Test: [50/200]	Time 0.004 (0.033)	Loss 0.1103 (0.0763)
2023-11-21 21:11:12,124 Test: [60/200]	Time 0.003 (0.028)	Loss 0.1106 (0.0801)
2023-11-21 21:11:12,166 Test: [70/200]	Time 0.004 (0.025)	Loss 0.0541 (0.0797)
2023-11-21 21:11:12,207 Test: [80/200]	Time 0.004 (0.022)	Loss 0.0734 (0.0786)
2023-11-21 21:11:12,249 Test: [90/200]	Time 0.004 (0.020)	Loss 0.0882 (0.0798)
2023-11-21 21:11:12,290 Test: [100/200]	Time 0.004 (0.019)	Loss 0.1087 (0.0793)
2023-11-21 21:11:12,332 Test: [110/200]	Time 0.004 (0.017)	Loss 0.1641 (0.0799)
2023-11-21 21:11:12,375 Test: [120/200]	Time 0.004 (0.016)	Loss 0.1033 (0.0788)
2023-11-21 21:11:12,418 Test: [130/200]	Time 0.004 (0.015)	Loss 0.0756 (0.0793)
2023-11-21 21:11:12,462 Test: [140/200]	Time 0.004 (0.015)	Loss 0.0660 (0.0784)
2023-11-21 21:11:12,506 Test: [150/200]	Time 0.003 (0.014)	Loss 0.0634 (0.0776)
2023-11-21 21:11:12,550 Test: [160/200]	Time 0.004 (0.013)	Loss 0.0802 (0.0778)
2023-11-21 21:11:12,593 Test: [170/200]	Time 0.004 (0.013)	Loss 0.0854 (0.0773)
2023-11-21 21:11:12,640 Test: [180/200]	Time 0.003 (0.012)	Loss 0.0702 (0.0767)
2023-11-21 21:11:12,685 Test: [190/200]	Time 0.003 (0.012)	Loss 0.0376 (0.0764)
2023-11-21 21:11:13,366 Mean IoU score: 0.818
2023-11-21 21:11:13,373 => saving checkpoint to out
2023-11-21 21:11:15,245 Epoch: [6][0/200]	Time 1.847s (1.847s)	Speed 17.3 samples/s	Data 1.805s (1.805s)	Loss 0.01746 (0.01746)
2023-11-21 21:11:15,600 Epoch: [6][10/200]	Time 0.012s (0.200s)	Speed 2782.5 samples/s	Data 0.001s (0.170s)	Loss 0.02085 (0.01698)
2023-11-21 21:11:15,709 Epoch: [6][20/200]	Time 0.011s (0.110s)	Speed 3047.3 samples/s	Data 0.001s (0.089s)	Loss 0.01720 (0.01766)
2023-11-21 21:11:15,813 Epoch: [6][30/200]	Time 0.009s (0.078s)	Speed 3368.6 samples/s	Data 0.000s (0.060s)	Loss 0.01748 (0.01777)
2023-11-21 21:11:15,911 Epoch: [6][40/200]	Time 0.009s (0.061s)	Speed 3368.6 samples/s	Data 0.000s (0.046s)	Loss 0.01689 (0.01761)
2023-11-21 21:11:16,010 Epoch: [6][50/200]	Time 0.009s (0.051s)	Speed 3368.6 samples/s	Data 0.000s (0.037s)	Loss 0.01821 (0.01759)
2023-11-21 21:11:16,109 Epoch: [6][60/200]	Time 0.010s (0.044s)	Speed 3200.2 samples/s	Data 0.000s (0.031s)	Loss 0.01392 (0.01730)
2023-11-21 21:11:16,207 Epoch: [6][70/200]	Time 0.009s (0.040s)	Speed 3368.5 samples/s	Data 0.000s (0.027s)	Loss 0.01533 (0.01703)
2023-11-21 21:11:16,308 Epoch: [6][80/200]	Time 0.010s (0.036s)	Speed 3200.2 samples/s	Data 0.000s (0.023s)	Loss 0.01482 (0.01700)
2023-11-21 21:11:16,407 Epoch: [6][90/200]	Time 0.009s (0.033s)	Speed 3368.6 samples/s	Data 0.000s (0.021s)	Loss 0.01711 (0.01697)
2023-11-21 21:11:16,506 Epoch: [6][100/200]	Time 0.010s (0.031s)	Speed 3200.0 samples/s	Data 0.001s (0.019s)	Loss 0.01540 (0.01693)
2023-11-21 21:11:16,606 Epoch: [6][110/200]	Time 0.010s (0.029s)	Speed 3047.6 samples/s	Data 0.001s (0.017s)	Loss 0.01360 (0.01687)
2023-11-21 21:11:16,709 Epoch: [6][120/200]	Time 0.010s (0.027s)	Speed 3200.8 samples/s	Data 0.000s (0.016s)	Loss 0.01697 (0.01679)
2023-11-21 21:11:16,807 Epoch: [6][130/200]	Time 0.009s (0.026s)	Speed 3368.5 samples/s	Data 0.000s (0.014s)	Loss 0.01208 (0.01667)
2023-11-21 21:11:16,904 Epoch: [6][140/200]	Time 0.009s (0.025s)	Speed 3368.5 samples/s	Data 0.000s (0.013s)	Loss 0.01427 (0.01663)
2023-11-21 21:11:17,005 Epoch: [6][150/200]	Time 0.009s (0.024s)	Speed 3368.5 samples/s	Data 0.000s (0.013s)	Loss 0.01604 (0.01659)
2023-11-21 21:11:17,104 Epoch: [6][160/200]	Time 0.009s (0.023s)	Speed 3368.5 samples/s	Data 0.000s (0.012s)	Loss 0.01815 (0.01660)
2023-11-21 21:11:17,201 Epoch: [6][170/200]	Time 0.009s (0.022s)	Speed 3368.6 samples/s	Data 0.000s (0.011s)	Loss 0.01693 (0.01649)
2023-11-21 21:11:17,301 Epoch: [6][180/200]	Time 0.009s (0.022s)	Speed 3368.7 samples/s	Data 0.000s (0.011s)	Loss 0.01097 (0.01646)
2023-11-21 21:11:17,400 Epoch: [6][190/200]	Time 0.009s (0.021s)	Speed 3368.7 samples/s	Data 0.000s (0.010s)	Loss 0.01521 (0.01639)
2023-11-21 21:11:19,389 Test: [0/200]	Time 1.649 (1.649)	Loss 0.0752 (0.0752)
2023-11-21 21:11:19,441 Test: [10/200]	Time 0.005 (0.155)	Loss 0.0168 (0.0585)
2023-11-21 21:11:19,495 Test: [20/200]	Time 0.005 (0.084)	Loss 0.0371 (0.0625)
2023-11-21 21:11:19,550 Test: [30/200]	Time 0.005 (0.058)	Loss 0.0832 (0.0672)
2023-11-21 21:11:19,603 Test: [40/200]	Time 0.005 (0.045)	Loss 0.0715 (0.0686)
2023-11-21 21:11:19,653 Test: [50/200]	Time 0.004 (0.038)	Loss 0.1037 (0.0688)
2023-11-21 21:11:19,705 Test: [60/200]	Time 0.004 (0.032)	Loss 0.0991 (0.0705)
2023-11-21 21:11:19,752 Test: [70/200]	Time 0.004 (0.028)	Loss 0.0506 (0.0696)
2023-11-21 21:11:19,798 Test: [80/200]	Time 0.004 (0.025)	Loss 0.0557 (0.0680)
2023-11-21 21:11:19,845 Test: [90/200]	Time 0.004 (0.023)	Loss 0.0743 (0.0694)
2023-11-21 21:11:19,893 Test: [100/200]	Time 0.004 (0.021)	Loss 0.1122 (0.0692)
2023-11-21 21:11:19,940 Test: [110/200]	Time 0.004 (0.020)	Loss 0.1348 (0.0698)
2023-11-21 21:11:19,987 Test: [120/200]	Time 0.004 (0.019)	Loss 0.0734 (0.0683)
2023-11-21 21:11:20,034 Test: [130/200]	Time 0.004 (0.018)	Loss 0.0568 (0.0685)
2023-11-21 21:11:20,082 Test: [140/200]	Time 0.004 (0.017)	Loss 0.0544 (0.0677)
2023-11-21 21:11:20,129 Test: [150/200]	Time 0.004 (0.016)	Loss 0.0585 (0.0665)
2023-11-21 21:11:20,177 Test: [160/200]	Time 0.004 (0.015)	Loss 0.0821 (0.0668)
2023-11-21 21:11:20,223 Test: [170/200]	Time 0.004 (0.015)	Loss 0.0843 (0.0665)
2023-11-21 21:11:20,272 Test: [180/200]	Time 0.004 (0.014)	Loss 0.0514 (0.0660)
2023-11-21 21:11:20,319 Test: [190/200]	Time 0.004 (0.013)	Loss 0.0295 (0.0657)
2023-11-21 21:11:21,032 Mean IoU score: 0.842
2023-11-21 21:11:21,037 => saving checkpoint to out
2023-11-21 21:11:22,911 Epoch: [7][0/200]	Time 1.848s (1.848s)	Speed 17.3 samples/s	Data 1.804s (1.804s)	Loss 0.01380 (0.01380)
2023-11-21 21:11:23,297 Epoch: [7][10/200]	Time 0.023s (0.203s)	Speed 1361.8 samples/s	Data 0.000s (0.172s)	Loss 0.01302 (0.01458)
2023-11-21 21:11:23,453 Epoch: [7][20/200]	Time 0.010s (0.114s)	Speed 3047.7 samples/s	Data 0.000s (0.090s)	Loss 0.01638 (0.01450)
2023-11-21 21:11:23,559 Epoch: [7][30/200]	Time 0.010s (0.081s)	Speed 3047.8 samples/s	Data 0.000s (0.061s)	Loss 0.01590 (0.01421)
2023-11-21 21:11:23,663 Epoch: [7][40/200]	Time 0.009s (0.063s)	Speed 3368.5 samples/s	Data 0.000s (0.046s)	Loss 0.01102 (0.01416)
2023-11-21 21:11:23,762 Epoch: [7][50/200]	Time 0.010s (0.053s)	Speed 3200.2 samples/s	Data 0.000s (0.037s)	Loss 0.01364 (0.01401)
2023-11-21 21:11:23,861 Epoch: [7][60/200]	Time 0.010s (0.046s)	Speed 3200.2 samples/s	Data 0.001s (0.031s)	Loss 0.01250 (0.01398)
2023-11-21 21:11:23,962 Epoch: [7][70/200]	Time 0.010s (0.041s)	Speed 3200.2 samples/s	Data 0.000s (0.027s)	Loss 0.01257 (0.01381)
2023-11-21 21:11:24,062 Epoch: [7][80/200]	Time 0.010s (0.037s)	Speed 3200.2 samples/s	Data 0.000s (0.023s)	Loss 0.01178 (0.01378)
2023-11-21 21:11:24,161 Epoch: [7][90/200]	Time 0.009s (0.034s)	Speed 3368.7 samples/s	Data 0.000s (0.021s)	Loss 0.01491 (0.01360)
2023-11-21 21:11:24,260 Epoch: [7][100/200]	Time 0.009s (0.032s)	Speed 3368.9 samples/s	Data 0.000s (0.019s)	Loss 0.01568 (0.01363)
2023-11-21 21:11:24,363 Epoch: [7][110/200]	Time 0.010s (0.030s)	Speed 3200.3 samples/s	Data 0.000s (0.017s)	Loss 0.01000 (0.01357)
2023-11-21 21:11:24,462 Epoch: [7][120/200]	Time 0.010s (0.028s)	Speed 3200.0 samples/s	Data 0.000s (0.016s)	Loss 0.01245 (0.01362)
2023-11-21 21:11:24,561 Epoch: [7][130/200]	Time 0.010s (0.027s)	Speed 3200.2 samples/s	Data 0.000s (0.015s)	Loss 0.01163 (0.01359)
2023-11-21 21:11:24,662 Epoch: [7][140/200]	Time 0.009s (0.026s)	Speed 3368.5 samples/s	Data 0.000s (0.014s)	Loss 0.01626 (0.01351)
2023-11-21 21:11:24,764 Epoch: [7][150/200]	Time 0.009s (0.025s)	Speed 3368.7 samples/s	Data 0.000s (0.013s)	Loss 0.01104 (0.01342)
2023-11-21 21:11:24,865 Epoch: [7][160/200]	Time 0.009s (0.024s)	Speed 3368.5 samples/s	Data 0.000s (0.012s)	Loss 0.01527 (0.01337)
2023-11-21 21:11:24,965 Epoch: [7][170/200]	Time 0.009s (0.023s)	Speed 3368.7 samples/s	Data 0.000s (0.011s)	Loss 0.01417 (0.01337)
2023-11-21 21:11:25,065 Epoch: [7][180/200]	Time 0.010s (0.022s)	Speed 3200.1 samples/s	Data 0.001s (0.011s)	Loss 0.01225 (0.01335)
2023-11-21 21:11:25,166 Epoch: [7][190/200]	Time 0.009s (0.021s)	Speed 3368.5 samples/s	Data 0.000s (0.010s)	Loss 0.01174 (0.01338)
2023-11-21 21:11:27,090 Test: [0/200]	Time 1.612 (1.612)	Loss 0.0644 (0.0644)
2023-11-21 21:11:27,142 Test: [10/200]	Time 0.005 (0.151)	Loss 0.0139 (0.0599)
2023-11-21 21:11:27,194 Test: [20/200]	Time 0.005 (0.082)	Loss 0.0266 (0.0584)
2023-11-21 21:11:27,246 Test: [30/200]	Time 0.005 (0.057)	Loss 0.1125 (0.0632)
2023-11-21 21:11:27,298 Test: [40/200]	Time 0.005 (0.044)	Loss 0.0557 (0.0650)
2023-11-21 21:11:27,350 Test: [50/200]	Time 0.005 (0.037)	Loss 0.1056 (0.0643)
2023-11-21 21:11:27,401 Test: [60/200]	Time 0.004 (0.032)	Loss 0.0881 (0.0673)
2023-11-21 21:11:27,454 Test: [70/200]	Time 0.005 (0.028)	Loss 0.0437 (0.0672)
2023-11-21 21:11:27,507 Test: [80/200]	Time 0.004 (0.025)	Loss 0.0602 (0.0654)
2023-11-21 21:11:27,560 Test: [90/200]	Time 0.005 (0.023)	Loss 0.0692 (0.0668)
2023-11-21 21:11:27,614 Test: [100/200]	Time 0.004 (0.021)	Loss 0.1106 (0.0669)
2023-11-21 21:11:27,667 Test: [110/200]	Time 0.005 (0.020)	Loss 0.1429 (0.0679)
2023-11-21 21:11:27,723 Test: [120/200]	Time 0.005 (0.019)	Loss 0.0789 (0.0666)
2023-11-21 21:11:27,776 Test: [130/200]	Time 0.005 (0.018)	Loss 0.0532 (0.0668)
2023-11-21 21:11:27,830 Test: [140/200]	Time 0.005 (0.017)	Loss 0.0510 (0.0659)
2023-11-21 21:11:27,883 Test: [150/200]	Time 0.005 (0.016)	Loss 0.0589 (0.0648)
2023-11-21 21:11:27,936 Test: [160/200]	Time 0.005 (0.015)	Loss 0.0709 (0.0652)
2023-11-21 21:11:27,988 Test: [170/200]	Time 0.005 (0.015)	Loss 0.0853 (0.0647)
2023-11-21 21:11:28,045 Test: [180/200]	Time 0.005 (0.014)	Loss 0.0370 (0.0640)
2023-11-21 21:11:28,097 Test: [190/200]	Time 0.005 (0.014)	Loss 0.0284 (0.0636)
2023-11-21 21:11:29,117 Mean IoU score: 0.848
2023-11-21 21:11:29,123 => saving checkpoint to out
2023-11-21 21:11:30,886 Epoch: [8][0/200]	Time 1.738s (1.738s)	Speed 18.4 samples/s	Data 1.694s (1.694s)	Loss 0.01157 (0.01157)
2023-11-21 21:11:31,206 Epoch: [8][10/200]	Time 0.011s (0.187s)	Speed 2782.8 samples/s	Data 0.000s (0.157s)	Loss 0.01047 (0.01194)
2023-11-21 21:11:31,314 Epoch: [8][20/200]	Time 0.011s (0.103s)	Speed 2909.3 samples/s	Data 0.000s (0.082s)	Loss 0.01202 (0.01242)
2023-11-21 21:11:31,419 Epoch: [8][30/200]	Time 0.010s (0.073s)	Speed 3368.4 samples/s	Data 0.000s (0.056s)	Loss 0.01262 (0.01242)
2023-11-21 21:11:31,519 Epoch: [8][40/200]	Time 0.009s (0.058s)	Speed 3368.7 samples/s	Data 0.000s (0.042s)	Loss 0.00994 (0.01229)
2023-11-21 21:11:31,620 Epoch: [8][50/200]	Time 0.011s (0.048s)	Speed 2909.2 samples/s	Data 0.000s (0.034s)	Loss 0.01324 (0.01245)
2023-11-21 21:11:31,719 Epoch: [8][60/200]	Time 0.010s (0.042s)	Speed 3200.5 samples/s	Data 0.000s (0.028s)	Loss 0.01321 (0.01237)
2023-11-21 21:11:31,818 Epoch: [8][70/200]	Time 0.009s (0.038s)	Speed 3368.7 samples/s	Data 0.000s (0.024s)	Loss 0.01184 (0.01223)
2023-11-21 21:11:31,916 Epoch: [8][80/200]	Time 0.009s (0.034s)	Speed 3368.7 samples/s	Data 0.000s (0.021s)	Loss 0.00897 (0.01217)
2023-11-21 21:11:32,017 Epoch: [8][90/200]	Time 0.009s (0.032s)	Speed 3368.7 samples/s	Data 0.000s (0.019s)	Loss 0.00984 (0.01204)
2023-11-21 21:11:32,116 Epoch: [8][100/200]	Time 0.010s (0.029s)	Speed 3200.2 samples/s	Data 0.000s (0.017s)	Loss 0.01213 (0.01206)
2023-11-21 21:11:32,217 Epoch: [8][110/200]	Time 0.010s (0.028s)	Speed 3199.8 samples/s	Data 0.000s (0.016s)	Loss 0.01408 (0.01205)
2023-11-21 21:11:32,316 Epoch: [8][120/200]	Time 0.009s (0.026s)	Speed 3368.5 samples/s	Data 0.000s (0.014s)	Loss 0.01242 (0.01211)
2023-11-21 21:11:32,416 Epoch: [8][130/200]	Time 0.009s (0.025s)	Speed 3368.6 samples/s	Data 0.000s (0.013s)	Loss 0.00862 (0.01211)
2023-11-21 21:11:32,516 Epoch: [8][140/200]	Time 0.010s (0.024s)	Speed 3200.5 samples/s	Data 0.000s (0.012s)	Loss 0.01404 (0.01214)
2023-11-21 21:11:32,616 Epoch: [8][150/200]	Time 0.009s (0.023s)	Speed 3368.6 samples/s	Data 0.000s (0.012s)	Loss 0.01074 (0.01208)
2023-11-21 21:11:32,715 Epoch: [8][160/200]	Time 0.010s (0.022s)	Speed 3200.2 samples/s	Data 0.000s (0.011s)	Loss 0.01252 (0.01209)
2023-11-21 21:11:32,814 Epoch: [8][170/200]	Time 0.010s (0.021s)	Speed 3200.1 samples/s	Data 0.000s (0.010s)	Loss 0.01137 (0.01209)
2023-11-21 21:11:32,912 Epoch: [8][180/200]	Time 0.009s (0.021s)	Speed 3368.5 samples/s	Data 0.000s (0.010s)	Loss 0.01344 (0.01208)
2023-11-21 21:11:33,012 Epoch: [8][190/200]	Time 0.010s (0.020s)	Speed 3200.1 samples/s	Data 0.000s (0.009s)	Loss 0.01243 (0.01202)
2023-11-21 21:11:34,858 Test: [0/200]	Time 1.505 (1.505)	Loss 0.0568 (0.0568)
2023-11-21 21:11:34,896 Test: [10/200]	Time 0.003 (0.140)	Loss 0.0118 (0.0578)
2023-11-21 21:11:34,937 Test: [20/200]	Time 0.004 (0.075)	Loss 0.0245 (0.0566)
2023-11-21 21:11:34,977 Test: [30/200]	Time 0.004 (0.052)	Loss 0.0934 (0.0608)
2023-11-21 21:11:35,024 Test: [40/200]	Time 0.003 (0.041)	Loss 0.0604 (0.0627)
2023-11-21 21:11:35,066 Test: [50/200]	Time 0.004 (0.034)	Loss 0.1032 (0.0621)
2023-11-21 21:11:35,111 Test: [60/200]	Time 0.004 (0.029)	Loss 0.1012 (0.0648)
2023-11-21 21:11:35,154 Test: [70/200]	Time 0.004 (0.025)	Loss 0.0436 (0.0648)
2023-11-21 21:11:35,197 Test: [80/200]	Time 0.004 (0.023)	Loss 0.0582 (0.0632)
2023-11-21 21:11:35,239 Test: [90/200]	Time 0.003 (0.021)	Loss 0.0725 (0.0645)
2023-11-21 21:11:35,283 Test: [100/200]	Time 0.005 (0.019)	Loss 0.1074 (0.0644)
2023-11-21 21:11:35,326 Test: [110/200]	Time 0.003 (0.018)	Loss 0.1449 (0.0653)
2023-11-21 21:11:35,370 Test: [120/200]	Time 0.004 (0.017)	Loss 0.0758 (0.0638)
2023-11-21 21:11:35,413 Test: [130/200]	Time 0.005 (0.016)	Loss 0.0537 (0.0640)
2023-11-21 21:11:35,456 Test: [140/200]	Time 0.004 (0.015)	Loss 0.0426 (0.0631)
2023-11-21 21:11:35,499 Test: [150/200]	Time 0.003 (0.014)	Loss 0.0588 (0.0620)
2023-11-21 21:11:35,543 Test: [160/200]	Time 0.005 (0.014)	Loss 0.0641 (0.0625)
2023-11-21 21:11:35,587 Test: [170/200]	Time 0.004 (0.013)	Loss 0.0885 (0.0620)
2023-11-21 21:11:35,630 Test: [180/200]	Time 0.004 (0.013)	Loss 0.0399 (0.0614)
2023-11-21 21:11:35,677 Test: [190/200]	Time 0.005 (0.012)	Loss 0.0273 (0.0610)
2023-11-21 21:11:36,365 Mean IoU score: 0.854
2023-11-21 21:11:36,370 => saving checkpoint to out
2023-11-21 21:11:38,233 Epoch: [9][0/200]	Time 1.837s (1.837s)	Speed 17.4 samples/s	Data 1.797s (1.797s)	Loss 0.01140 (0.01140)
2023-11-21 21:11:38,606 Epoch: [9][10/200]	Time 0.012s (0.201s)	Speed 2560.7 samples/s	Data 0.000s (0.171s)	Loss 0.01053 (0.01111)
2023-11-21 21:11:38,716 Epoch: [9][20/200]	Time 0.011s (0.110s)	Speed 3047.6 samples/s	Data 0.000s (0.090s)	Loss 0.01680 (0.01148)
2023-11-21 21:11:38,819 Epoch: [9][30/200]	Time 0.009s (0.078s)	Speed 3368.5 samples/s	Data 0.000s (0.061s)	Loss 0.01022 (0.01158)
2023-11-21 21:11:38,919 Epoch: [9][40/200]	Time 0.010s (0.062s)	Speed 3200.2 samples/s	Data 0.000s (0.046s)	Loss 0.01197 (0.01162)
2023-11-21 21:11:39,020 Epoch: [9][50/200]	Time 0.009s (0.051s)	Speed 3368.6 samples/s	Data 0.000s (0.037s)	Loss 0.00765 (0.01143)
2023-11-21 21:11:39,119 Epoch: [9][60/200]	Time 0.010s (0.045s)	Speed 3200.0 samples/s	Data 0.000s (0.031s)	Loss 0.01192 (0.01128)
2023-11-21 21:11:39,220 Epoch: [9][70/200]	Time 0.009s (0.040s)	Speed 3368.6 samples/s	Data 0.000s (0.027s)	Loss 0.01109 (0.01130)
2023-11-21 21:11:39,320 Epoch: [9][80/200]	Time 0.010s (0.036s)	Speed 3200.5 samples/s	Data 0.000s (0.023s)	Loss 0.00888 (0.01135)
2023-11-21 21:11:39,420 Epoch: [9][90/200]	Time 0.009s (0.033s)	Speed 3368.5 samples/s	Data 0.000s (0.021s)	Loss 0.01174 (0.01126)
2023-11-21 21:11:39,520 Epoch: [9][100/200]	Time 0.009s (0.031s)	Speed 3368.7 samples/s	Data 0.000s (0.019s)	Loss 0.01596 (0.01131)
2023-11-21 21:11:39,622 Epoch: [9][110/200]	Time 0.010s (0.029s)	Speed 3200.1 samples/s	Data 0.001s (0.017s)	Loss 0.01168 (0.01127)
2023-11-21 21:11:39,724 Epoch: [9][120/200]	Time 0.010s (0.027s)	Speed 3200.2 samples/s	Data 0.001s (0.016s)	Loss 0.00984 (0.01118)
2023-11-21 21:11:39,825 Epoch: [9][130/200]	Time 0.010s (0.026s)	Speed 3200.2 samples/s	Data 0.000s (0.015s)	Loss 0.00788 (0.01119)
2023-11-21 21:11:39,926 Epoch: [9][140/200]	Time 0.009s (0.025s)	Speed 3369.2 samples/s	Data 0.000s (0.014s)	Loss 0.01118 (0.01116)
2023-11-21 21:11:40,028 Epoch: [9][150/200]	Time 0.012s (0.024s)	Speed 2666.8 samples/s	Data 0.000s (0.013s)	Loss 0.00935 (0.01113)
2023-11-21 21:11:40,128 Epoch: [9][160/200]	Time 0.010s (0.023s)	Speed 3199.9 samples/s	Data 0.000s (0.012s)	Loss 0.01221 (0.01112)
2023-11-21 21:11:40,229 Epoch: [9][170/200]	Time 0.009s (0.022s)	Speed 3368.7 samples/s	Data 0.000s (0.011s)	Loss 0.01091 (0.01106)
2023-11-21 21:11:40,328 Epoch: [9][180/200]	Time 0.009s (0.022s)	Speed 3368.7 samples/s	Data 0.000s (0.011s)	Loss 0.01029 (0.01105)
2023-11-21 21:11:40,427 Epoch: [9][190/200]	Time 0.010s (0.021s)	Speed 3200.2 samples/s	Data 0.000s (0.010s)	Loss 0.00821 (0.01100)
2023-11-21 21:11:42,416 Test: [0/200]	Time 1.666 (1.666)	Loss 0.0691 (0.0691)
2023-11-21 21:11:42,475 Test: [10/200]	Time 0.005 (0.157)	Loss 0.0133 (0.0541)
2023-11-21 21:11:42,530 Test: [20/200]	Time 0.005 (0.085)	Loss 0.0233 (0.0547)
2023-11-21 21:11:42,586 Test: [30/200]	Time 0.005 (0.059)	Loss 0.0744 (0.0588)
2023-11-21 21:11:42,644 Test: [40/200]	Time 0.005 (0.046)	Loss 0.0568 (0.0601)
2023-11-21 21:11:42,699 Test: [50/200]	Time 0.005 (0.038)	Loss 0.1159 (0.0595)
2023-11-21 21:11:42,755 Test: [60/200]	Time 0.005 (0.033)	Loss 0.0813 (0.0614)
2023-11-21 21:11:42,809 Test: [70/200]	Time 0.004 (0.029)	Loss 0.0441 (0.0618)
2023-11-21 21:11:42,861 Test: [80/200]	Time 0.005 (0.026)	Loss 0.0581 (0.0605)
2023-11-21 21:11:42,915 Test: [90/200]	Time 0.004 (0.024)	Loss 0.0602 (0.0620)
2023-11-21 21:11:42,969 Test: [100/200]	Time 0.005 (0.022)	Loss 0.0841 (0.0618)
2023-11-21 21:11:43,023 Test: [110/200]	Time 0.005 (0.020)	Loss 0.1403 (0.0627)
2023-11-21 21:11:43,079 Test: [120/200]	Time 0.005 (0.019)	Loss 0.0556 (0.0613)
2023-11-21 21:11:43,134 Test: [130/200]	Time 0.005 (0.018)	Loss 0.0534 (0.0613)
2023-11-21 21:11:43,189 Test: [140/200]	Time 0.005 (0.017)	Loss 0.0406 (0.0605)
2023-11-21 21:11:43,243 Test: [150/200]	Time 0.005 (0.017)	Loss 0.0575 (0.0596)
2023-11-21 21:11:43,297 Test: [160/200]	Time 0.005 (0.016)	Loss 0.0605 (0.0600)
2023-11-21 21:11:43,351 Test: [170/200]	Time 0.004 (0.015)	Loss 0.0734 (0.0595)
2023-11-21 21:11:43,406 Test: [180/200]	Time 0.005 (0.015)	Loss 0.0373 (0.0589)
2023-11-21 21:11:43,460 Test: [190/200]	Time 0.005 (0.014)	Loss 0.0246 (0.0587)
2023-11-21 21:11:44,476 Mean IoU score: 0.860
2023-11-21 21:11:44,482 => saving checkpoint to out
2023-11-21 21:11:46,190 Epoch: [10][0/200]	Time 1.671s (1.671s)	Speed 19.1 samples/s	Data 1.624s (1.624s)	Loss 0.00773 (0.00773)
2023-11-21 21:11:46,562 Epoch: [10][10/200]	Time 0.027s (0.187s)	Speed 1185.3 samples/s	Data 0.000s (0.153s)	Loss 0.00836 (0.00959)
2023-11-21 21:11:46,681 Epoch: [10][20/200]	Time 0.011s (0.104s)	Speed 2909.0 samples/s	Data 0.000s (0.080s)	Loss 0.00949 (0.00927)
2023-11-21 21:11:46,786 Epoch: [10][30/200]	Time 0.009s (0.073s)	Speed 3368.6 samples/s	Data 0.000s (0.054s)	Loss 0.01093 (0.00954)
2023-11-21 21:11:46,885 Epoch: [10][40/200]	Time 0.009s (0.058s)	Speed 3368.7 samples/s	Data 0.000s (0.041s)	Loss 0.00838 (0.00981)
2023-11-21 21:11:46,983 Epoch: [10][50/200]	Time 0.009s (0.049s)	Speed 3369.1 samples/s	Data 0.000s (0.033s)	Loss 0.01381 (0.00991)
2023-11-21 21:11:47,081 Epoch: [10][60/200]	Time 0.010s (0.042s)	Speed 3200.2 samples/s	Data 0.000s (0.028s)	Loss 0.01350 (0.00994)
2023-11-21 21:11:47,178 Epoch: [10][70/200]	Time 0.009s (0.038s)	Speed 3368.7 samples/s	Data 0.000s (0.024s)	Loss 0.00848 (0.00990)
2023-11-21 21:11:47,277 Epoch: [10][80/200]	Time 0.010s (0.034s)	Speed 3200.6 samples/s	Data 0.000s (0.021s)	Loss 0.01071 (0.00985)
2023-11-21 21:11:47,382 Epoch: [10][90/200]	Time 0.010s (0.032s)	Speed 3047.8 samples/s	Data 0.000s (0.019s)	Loss 0.00749 (0.00983)
2023-11-21 21:11:47,480 Epoch: [10][100/200]	Time 0.010s (0.029s)	Speed 3368.1 samples/s	Data 0.000s (0.017s)	Loss 0.00902 (0.00987)
2023-11-21 21:11:47,580 Epoch: [10][110/200]	Time 0.010s (0.028s)	Speed 3200.2 samples/s	Data 0.000s (0.015s)	Loss 0.00812 (0.00985)
2023-11-21 21:11:47,679 Epoch: [10][120/200]	Time 0.009s (0.026s)	Speed 3368.6 samples/s	Data 0.000s (0.014s)	Loss 0.01079 (0.00993)
2023-11-21 21:11:47,778 Epoch: [10][130/200]	Time 0.009s (0.025s)	Speed 3368.6 samples/s	Data 0.000s (0.013s)	Loss 0.00986 (0.00995)
2023-11-21 21:11:47,878 Epoch: [10][140/200]	Time 0.010s (0.024s)	Speed 3200.1 samples/s	Data 0.000s (0.012s)	Loss 0.00918 (0.00997)
2023-11-21 21:11:47,976 Epoch: [10][150/200]	Time 0.010s (0.023s)	Speed 3200.1 samples/s	Data 0.000s (0.011s)	Loss 0.00997 (0.00997)
2023-11-21 21:11:48,075 Epoch: [10][160/200]	Time 0.009s (0.022s)	Speed 3368.6 samples/s	Data 0.000s (0.011s)	Loss 0.00832 (0.00998)
2023-11-21 21:11:48,173 Epoch: [10][170/200]	Time 0.010s (0.021s)	Speed 3368.4 samples/s	Data 0.000s (0.010s)	Loss 0.01121 (0.00999)
2023-11-21 21:11:48,271 Epoch: [10][180/200]	Time 0.009s (0.021s)	Speed 3368.6 samples/s	Data 0.000s (0.009s)	Loss 0.00914 (0.00994)
2023-11-21 21:11:48,369 Epoch: [10][190/200]	Time 0.009s (0.020s)	Speed 3368.5 samples/s	Data 0.000s (0.009s)	Loss 0.01047 (0.00994)
2023-11-21 21:11:50,166 Test: [0/200]	Time 1.472 (1.472)	Loss 0.0827 (0.0827)
2023-11-21 21:11:50,209 Test: [10/200]	Time 0.004 (0.138)	Loss 0.0183 (0.0603)
2023-11-21 21:11:50,256 Test: [20/200]	Time 0.004 (0.074)	Loss 0.0244 (0.0568)
2023-11-21 21:11:50,304 Test: [30/200]	Time 0.004 (0.052)	Loss 0.1212 (0.0639)
2023-11-21 21:11:50,351 Test: [40/200]	Time 0.004 (0.040)	Loss 0.0653 (0.0658)
2023-11-21 21:11:50,397 Test: [50/200]	Time 0.004 (0.033)	Loss 0.1165 (0.0650)
2023-11-21 21:11:50,442 Test: [60/200]	Time 0.004 (0.029)	Loss 0.0899 (0.0668)
2023-11-21 21:11:50,488 Test: [70/200]	Time 0.004 (0.025)	Loss 0.0534 (0.0671)
2023-11-21 21:11:50,533 Test: [80/200]	Time 0.004 (0.023)	Loss 0.0790 (0.0656)
2023-11-21 21:11:50,579 Test: [90/200]	Time 0.005 (0.021)	Loss 0.0585 (0.0667)
2023-11-21 21:11:50,624 Test: [100/200]	Time 0.004 (0.019)	Loss 0.0999 (0.0664)
2023-11-21 21:11:50,671 Test: [110/200]	Time 0.005 (0.018)	Loss 0.1672 (0.0674)
2023-11-21 21:11:50,717 Test: [120/200]	Time 0.004 (0.017)	Loss 0.0644 (0.0668)
2023-11-21 21:11:50,762 Test: [130/200]	Time 0.004 (0.016)	Loss 0.0640 (0.0669)
2023-11-21 21:11:50,807 Test: [140/200]	Time 0.004 (0.015)	Loss 0.0516 (0.0659)
2023-11-21 21:11:50,854 Test: [150/200]	Time 0.005 (0.014)	Loss 0.0620 (0.0649)
2023-11-21 21:11:50,900 Test: [160/200]	Time 0.004 (0.014)	Loss 0.0740 (0.0653)
2023-11-21 21:11:50,947 Test: [170/200]	Time 0.004 (0.013)	Loss 0.0654 (0.0648)
2023-11-21 21:11:50,992 Test: [180/200]	Time 0.004 (0.013)	Loss 0.0394 (0.0640)
2023-11-21 21:11:51,040 Test: [190/200]	Time 0.005 (0.012)	Loss 0.0237 (0.0639)
2023-11-21 21:11:51,834 Mean IoU score: 0.849
2023-11-21 21:11:51,840 => saving checkpoint to out
2023-11-21 21:11:53,660 Epoch: [11][0/200]	Time 1.801s (1.801s)	Speed 17.8 samples/s	Data 1.757s (1.757s)	Loss 0.00786 (0.00786)
2023-11-21 21:11:54,001 Epoch: [11][10/200]	Time 0.012s (0.195s)	Speed 2667.2 samples/s	Data 0.000s (0.164s)	Loss 0.00905 (0.00843)
2023-11-21 21:11:54,110 Epoch: [11][20/200]	Time 0.010s (0.107s)	Speed 3047.6 samples/s	Data 0.000s (0.086s)	Loss 0.01143 (0.00857)
2023-11-21 21:11:54,214 Epoch: [11][30/200]	Time 0.010s (0.076s)	Speed 3199.2 samples/s	Data 0.000s (0.058s)	Loss 0.00843 (0.00872)
2023-11-21 21:11:54,314 Epoch: [11][40/200]	Time 0.009s (0.060s)	Speed 3368.7 samples/s	Data 0.000s (0.044s)	Loss 0.01268 (0.00891)
2023-11-21 21:11:54,414 Epoch: [11][50/200]	Time 0.010s (0.050s)	Speed 3200.0 samples/s	Data 0.000s (0.036s)	Loss 0.00878 (0.00901)
2023-11-21 21:11:54,514 Epoch: [11][60/200]	Time 0.010s (0.044s)	Speed 3368.3 samples/s	Data 0.000s (0.030s)	Loss 0.01057 (0.00912)
2023-11-21 21:11:54,615 Epoch: [11][70/200]	Time 0.010s (0.039s)	Speed 3047.8 samples/s	Data 0.001s (0.026s)	Loss 0.00945 (0.00910)
2023-11-21 21:11:54,715 Epoch: [11][80/200]	Time 0.010s (0.035s)	Speed 3368.2 samples/s	Data 0.000s (0.022s)	Loss 0.00888 (0.00910)
2023-11-21 21:11:54,814 Epoch: [11][90/200]	Time 0.010s (0.032s)	Speed 3200.1 samples/s	Data 0.000s (0.020s)	Loss 0.00900 (0.00910)
2023-11-21 21:11:54,912 Epoch: [11][100/200]	Time 0.009s (0.030s)	Speed 3368.8 samples/s	Data 0.000s (0.018s)	Loss 0.00918 (0.00912)
2023-11-21 21:11:55,010 Epoch: [11][110/200]	Time 0.010s (0.028s)	Speed 3368.4 samples/s	Data 0.000s (0.016s)	Loss 0.01050 (0.00909)
2023-11-21 21:11:55,111 Epoch: [11][120/200]	Time 0.010s (0.027s)	Speed 3200.2 samples/s	Data 0.000s (0.015s)	Loss 0.00866 (0.00912)
2023-11-21 21:11:55,208 Epoch: [11][130/200]	Time 0.009s (0.026s)	Speed 3368.6 samples/s	Data 0.000s (0.014s)	Loss 0.00901 (0.00916)
2023-11-21 21:11:55,306 Epoch: [11][140/200]	Time 0.010s (0.024s)	Speed 3368.4 samples/s	Data 0.000s (0.013s)	Loss 0.01276 (0.00929)
2023-11-21 21:11:55,403 Epoch: [11][150/200]	Time 0.009s (0.023s)	Speed 3368.7 samples/s	Data 0.000s (0.012s)	Loss 0.01147 (0.00930)
2023-11-21 21:11:55,502 Epoch: [11][160/200]	Time 0.010s (0.023s)	Speed 3200.3 samples/s	Data 0.000s (0.011s)	Loss 0.01045 (0.00933)
2023-11-21 21:11:55,600 Epoch: [11][170/200]	Time 0.009s (0.022s)	Speed 3368.7 samples/s	Data 0.000s (0.011s)	Loss 0.01113 (0.00937)
2023-11-21 21:11:55,700 Epoch: [11][180/200]	Time 0.010s (0.021s)	Speed 3200.2 samples/s	Data 0.000s (0.010s)	Loss 0.00768 (0.00936)
2023-11-21 21:11:55,799 Epoch: [11][190/200]	Time 0.010s (0.021s)	Speed 3200.2 samples/s	Data 0.000s (0.010s)	Loss 0.00929 (0.00937)
2023-11-21 21:11:57,778 Test: [0/200]	Time 1.667 (1.667)	Loss 0.0681 (0.0681)
2023-11-21 21:11:57,837 Test: [10/200]	Time 0.005 (0.157)	Loss 0.0180 (0.0575)
2023-11-21 21:11:57,893 Test: [20/200]	Time 0.005 (0.085)	Loss 0.0250 (0.0577)
2023-11-21 21:11:57,952 Test: [30/200]	Time 0.005 (0.059)	Loss 0.0897 (0.0626)
2023-11-21 21:11:58,006 Test: [40/200]	Time 0.005 (0.046)	Loss 0.0530 (0.0641)
2023-11-21 21:11:58,061 Test: [50/200]	Time 0.005 (0.038)	Loss 0.1357 (0.0642)
2023-11-21 21:11:58,116 Test: [60/200]	Time 0.005 (0.033)	Loss 0.0810 (0.0668)
2023-11-21 21:11:58,170 Test: [70/200]	Time 0.005 (0.029)	Loss 0.0493 (0.0669)
2023-11-21 21:11:58,223 Test: [80/200]	Time 0.005 (0.026)	Loss 0.0721 (0.0650)
2023-11-21 21:11:58,278 Test: [90/200]	Time 0.005 (0.024)	Loss 0.0628 (0.0662)
2023-11-21 21:11:58,331 Test: [100/200]	Time 0.004 (0.022)	Loss 0.1022 (0.0657)
2023-11-21 21:11:58,386 Test: [110/200]	Time 0.005 (0.020)	Loss 0.1513 (0.0661)
2023-11-21 21:11:58,440 Test: [120/200]	Time 0.005 (0.019)	Loss 0.0579 (0.0646)
2023-11-21 21:11:58,496 Test: [130/200]	Time 0.004 (0.018)	Loss 0.0539 (0.0645)
2023-11-21 21:11:58,551 Test: [140/200]	Time 0.005 (0.017)	Loss 0.0482 (0.0636)
2023-11-21 21:11:58,606 Test: [150/200]	Time 0.005 (0.017)	Loss 0.0742 (0.0627)
2023-11-21 21:11:58,660 Test: [160/200]	Time 0.004 (0.016)	Loss 0.0633 (0.0629)
2023-11-21 21:11:58,715 Test: [170/200]	Time 0.005 (0.015)	Loss 0.0872 (0.0624)
2023-11-21 21:11:58,769 Test: [180/200]	Time 0.005 (0.015)	Loss 0.0380 (0.0615)
2023-11-21 21:11:58,823 Test: [190/200]	Time 0.005 (0.014)	Loss 0.0237 (0.0614)
2023-11-21 21:11:59,748 Mean IoU score: 0.854
2023-11-21 21:11:59,754 => saving checkpoint to out
2023-11-21 21:12:01,465 Epoch: [12][0/200]	Time 1.692s (1.692s)	Speed 18.9 samples/s	Data 1.647s (1.647s)	Loss 0.01079 (0.01079)
2023-11-21 21:12:01,836 Epoch: [12][10/200]	Time 0.019s (0.188s)	Speed 1641.1 samples/s	Data 0.000s (0.157s)	Loss 0.01049 (0.01012)
2023-11-21 21:12:02,006 Epoch: [12][20/200]	Time 0.010s (0.106s)	Speed 3047.7 samples/s	Data 0.000s (0.082s)	Loss 0.01094 (0.00949)
2023-11-21 21:12:02,114 Epoch: [12][30/200]	Time 0.010s (0.076s)	Speed 3047.7 samples/s	Data 0.000s (0.056s)	Loss 0.00966 (0.00940)
2023-11-21 21:12:02,218 Epoch: [12][40/200]	Time 0.010s (0.060s)	Speed 3200.3 samples/s	Data 0.001s (0.042s)	Loss 0.00876 (0.00933)
2023-11-21 21:12:02,319 Epoch: [12][50/200]	Time 0.010s (0.050s)	Speed 3200.1 samples/s	Data 0.000s (0.034s)	Loss 0.00873 (0.00923)
2023-11-21 21:12:02,418 Epoch: [12][60/200]	Time 0.010s (0.043s)	Speed 3200.0 samples/s	Data 0.000s (0.028s)	Loss 0.00702 (0.00919)
2023-11-21 21:12:02,518 Epoch: [12][70/200]	Time 0.009s (0.039s)	Speed 3368.6 samples/s	Data 0.000s (0.024s)	Loss 0.01011 (0.00914)
2023-11-21 21:12:02,618 Epoch: [12][80/200]	Time 0.010s (0.035s)	Speed 3368.4 samples/s	Data 0.000s (0.021s)	Loss 0.01024 (0.00919)
2023-11-21 21:12:02,718 Epoch: [12][90/200]	Time 0.010s (0.032s)	Speed 3200.2 samples/s	Data 0.000s (0.019s)	Loss 0.00720 (0.00918)
2023-11-21 21:12:02,817 Epoch: [12][100/200]	Time 0.009s (0.030s)	Speed 3368.6 samples/s	Data 0.000s (0.017s)	Loss 0.00919 (0.00910)
2023-11-21 21:12:02,917 Epoch: [12][110/200]	Time 0.010s (0.028s)	Speed 3200.2 samples/s	Data 0.000s (0.016s)	Loss 0.00690 (0.00910)
2023-11-21 21:12:03,017 Epoch: [12][120/200]	Time 0.010s (0.027s)	Speed 3200.3 samples/s	Data 0.000s (0.014s)	Loss 0.00786 (0.00905)
2023-11-21 21:12:03,117 Epoch: [12][130/200]	Time 0.009s (0.026s)	Speed 3368.5 samples/s	Data 0.000s (0.013s)	Loss 0.00906 (0.00907)
2023-11-21 21:12:03,216 Epoch: [12][140/200]	Time 0.010s (0.024s)	Speed 3200.2 samples/s	Data 0.000s (0.012s)	Loss 0.00930 (0.00909)
2023-11-21 21:12:03,315 Epoch: [12][150/200]	Time 0.009s (0.023s)	Speed 3368.5 samples/s	Data 0.000s (0.012s)	Loss 0.00881 (0.00911)
2023-11-21 21:12:03,415 Epoch: [12][160/200]	Time 0.009s (0.023s)	Speed 3368.7 samples/s	Data 0.000s (0.011s)	Loss 0.01095 (0.00909)
2023-11-21 21:12:03,515 Epoch: [12][170/200]	Time 0.010s (0.022s)	Speed 3200.2 samples/s	Data 0.000s (0.010s)	Loss 0.00865 (0.00911)
2023-11-21 21:12:03,615 Epoch: [12][180/200]	Time 0.010s (0.021s)	Speed 3199.9 samples/s	Data 0.000s (0.010s)	Loss 0.00738 (0.00909)
2023-11-21 21:12:03,716 Epoch: [12][190/200]	Time 0.010s (0.021s)	Speed 3200.2 samples/s	Data 0.000s (0.009s)	Loss 0.00786 (0.00905)
2023-11-21 21:12:05,525 Test: [0/200]	Time 1.495 (1.495)	Loss 0.0745 (0.0745)
2023-11-21 21:12:05,567 Test: [10/200]	Time 0.004 (0.140)	Loss 0.0142 (0.0562)
2023-11-21 21:12:05,616 Test: [20/200]	Time 0.004 (0.075)	Loss 0.0255 (0.0565)
2023-11-21 21:12:05,664 Test: [30/200]	Time 0.005 (0.053)	Loss 0.0880 (0.0609)
2023-11-21 21:12:05,714 Test: [40/200]	Time 0.004 (0.041)	Loss 0.0515 (0.0627)
2023-11-21 21:12:05,762 Test: [50/200]	Time 0.004 (0.034)	Loss 0.1203 (0.0627)
2023-11-21 21:12:05,809 Test: [60/200]	Time 0.004 (0.029)	Loss 0.0749 (0.0640)
2023-11-21 21:12:05,856 Test: [70/200]	Time 0.004 (0.026)	Loss 0.0550 (0.0643)
2023-11-21 21:12:05,906 Test: [80/200]	Time 0.004 (0.023)	Loss 0.0581 (0.0632)
2023-11-21 21:12:05,953 Test: [90/200]	Time 0.004 (0.021)	Loss 0.0559 (0.0647)
2023-11-21 21:12:06,000 Test: [100/200]	Time 0.004 (0.019)	Loss 0.1074 (0.0646)
2023-11-21 21:12:06,047 Test: [110/200]	Time 0.004 (0.018)	Loss 0.1572 (0.0658)
2023-11-21 21:12:06,092 Test: [120/200]	Time 0.004 (0.017)	Loss 0.0697 (0.0649)
2023-11-21 21:12:06,139 Test: [130/200]	Time 0.004 (0.016)	Loss 0.0592 (0.0648)
2023-11-21 21:12:06,185 Test: [140/200]	Time 0.004 (0.015)	Loss 0.0595 (0.0640)
2023-11-21 21:12:06,231 Test: [150/200]	Time 0.004 (0.015)	Loss 0.0636 (0.0631)
2023-11-21 21:12:06,277 Test: [160/200]	Time 0.004 (0.014)	Loss 0.0697 (0.0636)
2023-11-21 21:12:06,323 Test: [170/200]	Time 0.004 (0.013)	Loss 0.0881 (0.0634)
2023-11-21 21:12:06,373 Test: [180/200]	Time 0.004 (0.013)	Loss 0.0467 (0.0628)
2023-11-21 21:12:06,420 Test: [190/200]	Time 0.004 (0.013)	Loss 0.0226 (0.0625)
2023-11-21 21:12:07,412 Mean IoU score: 0.855
2023-11-21 21:12:07,418 => saving checkpoint to out
2023-11-21 21:12:09,138 Epoch: [13][0/200]	Time 1.702s (1.702s)	Speed 18.8 samples/s	Data 1.658s (1.658s)	Loss 0.00626 (0.00626)
2023-11-21 21:12:09,524 Epoch: [13][10/200]	Time 0.025s (0.190s)	Speed 1280.0 samples/s	Data 0.000s (0.155s)	Loss 0.00696 (0.00859)
2023-11-21 21:12:09,657 Epoch: [13][20/200]	Time 0.010s (0.106s)	Speed 3047.8 samples/s	Data 0.000s (0.081s)	Loss 0.00669 (0.00824)
2023-11-21 21:12:09,763 Epoch: [13][30/200]	Time 0.010s (0.075s)	Speed 3199.9 samples/s	Data 0.000s (0.055s)	Loss 0.00792 (0.00846)
2023-11-21 21:12:09,861 Epoch: [13][40/200]	Time 0.010s (0.059s)	Speed 3368.4 samples/s	Data 0.000s (0.042s)	Loss 0.00949 (0.00849)
2023-11-21 21:12:09,960 Epoch: [13][50/200]	Time 0.010s (0.049s)	Speed 3368.3 samples/s	Data 0.000s (0.034s)	Loss 0.00963 (0.00843)
2023-11-21 21:12:10,058 Epoch: [13][60/200]	Time 0.009s (0.043s)	Speed 3368.7 samples/s	Data 0.000s (0.028s)	Loss 0.01021 (0.00846)
2023-11-21 21:12:10,156 Epoch: [13][70/200]	Time 0.010s (0.038s)	Speed 3368.2 samples/s	Data 0.000s (0.024s)	Loss 0.00970 (0.00841)
2023-11-21 21:12:10,255 Epoch: [13][80/200]	Time 0.009s (0.035s)	Speed 3368.6 samples/s	Data 0.000s (0.021s)	Loss 0.00954 (0.00848)
2023-11-21 21:12:10,352 Epoch: [13][90/200]	Time 0.010s (0.032s)	Speed 3200.2 samples/s	Data 0.000s (0.019s)	Loss 0.01122 (0.00859)
2023-11-21 21:12:10,449 Epoch: [13][100/200]	Time 0.009s (0.030s)	Speed 3368.6 samples/s	Data 0.000s (0.017s)	Loss 0.00661 (0.00861)
2023-11-21 21:12:10,546 Epoch: [13][110/200]	Time 0.009s (0.028s)	Speed 3368.7 samples/s	Data 0.000s (0.016s)	Loss 0.01045 (0.00866)
2023-11-21 21:12:10,646 Epoch: [13][120/200]	Time 0.010s (0.027s)	Speed 3200.2 samples/s	Data 0.000s (0.014s)	Loss 0.00935 (0.00865)
2023-11-21 21:12:10,743 Epoch: [13][130/200]	Time 0.010s (0.025s)	Speed 3367.7 samples/s	Data 0.000s (0.013s)	Loss 0.00954 (0.00866)
2023-11-21 21:12:10,843 Epoch: [13][140/200]	Time 0.009s (0.024s)	Speed 3369.3 samples/s	Data 0.000s (0.012s)	Loss 0.01061 (0.00872)
2023-11-21 21:12:10,947 Epoch: [13][150/200]	Time 0.012s (0.023s)	Speed 2667.0 samples/s	Data 0.000s (0.011s)	Loss 0.00866 (0.00872)
2023-11-21 21:12:11,045 Epoch: [13][160/200]	Time 0.009s (0.022s)	Speed 3368.8 samples/s	Data 0.000s (0.011s)	Loss 0.00958 (0.00873)
2023-11-21 21:12:11,143 Epoch: [13][170/200]	Time 0.009s (0.022s)	Speed 3368.6 samples/s	Data 0.000s (0.010s)	Loss 0.01063 (0.00876)
2023-11-21 21:12:11,241 Epoch: [13][180/200]	Time 0.009s (0.021s)	Speed 3368.6 samples/s	Data 0.000s (0.010s)	Loss 0.00937 (0.00877)
2023-11-21 21:12:11,339 Epoch: [13][190/200]	Time 0.009s (0.020s)	Speed 3368.5 samples/s	Data 0.000s (0.009s)	Loss 0.00900 (0.00877)
2023-11-21 21:12:13,264 Test: [0/200]	Time 1.611 (1.611)	Loss 0.0693 (0.0693)
2023-11-21 21:12:13,317 Test: [10/200]	Time 0.004 (0.151)	Loss 0.0171 (0.0646)
2023-11-21 21:12:13,369 Test: [20/200]	Time 0.005 (0.082)	Loss 0.0448 (0.0640)
2023-11-21 21:12:13,421 Test: [30/200]	Time 0.004 (0.057)	Loss 0.0700 (0.0686)
2023-11-21 21:12:13,475 Test: [40/200]	Time 0.004 (0.044)	Loss 0.0554 (0.0710)
2023-11-21 21:12:13,529 Test: [50/200]	Time 0.005 (0.037)	Loss 0.1160 (0.0722)
2023-11-21 21:12:13,583 Test: [60/200]	Time 0.005 (0.032)	Loss 0.0918 (0.0730)
2023-11-21 21:12:13,634 Test: [70/200]	Time 0.004 (0.028)	Loss 0.0501 (0.0728)
2023-11-21 21:12:13,688 Test: [80/200]	Time 0.004 (0.025)	Loss 0.0804 (0.0715)
2023-11-21 21:12:13,741 Test: [90/200]	Time 0.005 (0.023)	Loss 0.1137 (0.0730)
2023-11-21 21:12:13,793 Test: [100/200]	Time 0.004 (0.021)	Loss 0.1397 (0.0732)
2023-11-21 21:12:13,845 Test: [110/200]	Time 0.004 (0.020)	Loss 0.1587 (0.0743)
2023-11-21 21:12:13,898 Test: [120/200]	Time 0.005 (0.019)	Loss 0.0663 (0.0727)
2023-11-21 21:12:13,953 Test: [130/200]	Time 0.006 (0.018)	Loss 0.0504 (0.0727)
2023-11-21 21:12:14,008 Test: [140/200]	Time 0.005 (0.017)	Loss 0.0576 (0.0718)
2023-11-21 21:12:14,061 Test: [150/200]	Time 0.005 (0.016)	Loss 0.0767 (0.0704)
2023-11-21 21:12:14,113 Test: [160/200]	Time 0.005 (0.015)	Loss 0.0708 (0.0710)
2023-11-21 21:12:14,168 Test: [170/200]	Time 0.004 (0.015)	Loss 0.0898 (0.0709)
2023-11-21 21:12:14,222 Test: [180/200]	Time 0.005 (0.014)	Loss 0.0548 (0.0702)
2023-11-21 21:12:14,277 Test: [190/200]	Time 0.005 (0.014)	Loss 0.0262 (0.0702)
2023-11-21 21:12:15,032 Mean IoU score: 0.838
2023-11-21 21:12:15,038 => saving checkpoint to out
2023-11-21 21:12:16,760 Epoch: [14][0/200]	Time 1.703s (1.703s)	Speed 18.8 samples/s	Data 1.659s (1.659s)	Loss 0.00730 (0.00730)
2023-11-21 21:12:17,031 Epoch: [14][10/200]	Time 0.011s (0.180s)	Speed 3046.1 samples/s	Data 0.000s (0.153s)	Loss 0.00676 (0.00816)
2023-11-21 21:12:17,138 Epoch: [14][20/200]	Time 0.010s (0.099s)	Speed 3047.8 samples/s	Data 0.000s (0.080s)	Loss 0.00882 (0.00870)
2023-11-21 21:12:17,240 Epoch: [14][30/200]	Time 0.009s (0.070s)	Speed 3368.8 samples/s	Data 0.000s (0.054s)	Loss 0.00911 (0.00866)
2023-11-21 21:12:17,340 Epoch: [14][40/200]	Time 0.010s (0.056s)	Speed 3199.9 samples/s	Data 0.000s (0.041s)	Loss 0.00959 (0.00896)
2023-11-21 21:12:17,440 Epoch: [14][50/200]	Time 0.010s (0.047s)	Speed 3200.2 samples/s	Data 0.000s (0.033s)	Loss 0.01161 (0.00913)
2023-11-21 21:12:17,539 Epoch: [14][60/200]	Time 0.009s (0.041s)	Speed 3368.7 samples/s	Data 0.000s (0.028s)	Loss 0.00933 (0.00922)
2023-11-21 21:12:17,640 Epoch: [14][70/200]	Time 0.009s (0.036s)	Speed 3368.6 samples/s	Data 0.001s (0.024s)	Loss 0.00978 (0.00940)
2023-11-21 21:12:17,739 Epoch: [14][80/200]	Time 0.009s (0.033s)	Speed 3368.7 samples/s	Data 0.000s (0.021s)	Loss 0.01086 (0.00950)
2023-11-21 21:12:17,838 Epoch: [14][90/200]	Time 0.009s (0.031s)	Speed 3368.7 samples/s	Data 0.000s (0.019s)	Loss 0.01170 (0.00975)
2023-11-21 21:12:17,936 Epoch: [14][100/200]	Time 0.009s (0.029s)	Speed 3368.7 samples/s	Data 0.000s (0.017s)	Loss 0.01470 (0.01006)
2023-11-21 21:12:18,034 Epoch: [14][110/200]	Time 0.009s (0.027s)	Speed 3368.6 samples/s	Data 0.000s (0.015s)	Loss 0.01548 (0.01068)
2023-11-21 21:12:18,133 Epoch: [14][120/200]	Time 0.010s (0.025s)	Speed 3200.2 samples/s	Data 0.000s (0.014s)	Loss 0.02060 (0.01130)
2023-11-21 21:12:18,231 Epoch: [14][130/200]	Time 0.009s (0.024s)	Speed 3368.7 samples/s	Data 0.000s (0.013s)	Loss 0.01878 (0.01182)
2023-11-21 21:12:18,330 Epoch: [14][140/200]	Time 0.010s (0.023s)	Speed 3200.2 samples/s	Data 0.000s (0.012s)	Loss 0.02085 (0.01253)
2023-11-21 21:12:18,429 Epoch: [14][150/200]	Time 0.009s (0.022s)	Speed 3368.7 samples/s	Data 0.000s (0.011s)	Loss 0.02740 (0.01315)
2023-11-21 21:12:18,528 Epoch: [14][160/200]	Time 0.009s (0.022s)	Speed 3368.5 samples/s	Data 0.000s (0.011s)	Loss 0.01147 (0.01342)
2023-11-21 21:12:18,627 Epoch: [14][170/200]	Time 0.009s (0.021s)	Speed 3368.7 samples/s	Data 0.000s (0.010s)	Loss 0.01820 (0.01381)
2023-11-21 21:12:18,725 Epoch: [14][180/200]	Time 0.010s (0.020s)	Speed 3199.9 samples/s	Data 0.001s (0.009s)	Loss 0.01940 (0.01411)
2023-11-21 21:12:18,824 Epoch: [14][190/200]	Time 0.009s (0.020s)	Speed 3368.5 samples/s	Data 0.000s (0.009s)	Loss 0.01435 (0.01428)
2023-11-21 21:12:20,645 Test: [0/200]	Time 1.504 (1.504)	Loss 0.0896 (0.0896)
2023-11-21 21:12:20,684 Test: [10/200]	Time 0.004 (0.140)	Loss 0.0154 (0.0637)
2023-11-21 21:12:20,723 Test: [20/200]	Time 0.003 (0.075)	Loss 0.0301 (0.0652)
2023-11-21 21:12:20,764 Test: [30/200]	Time 0.004 (0.052)	Loss 0.0942 (0.0699)
2023-11-21 21:12:20,807 Test: [40/200]	Time 0.005 (0.041)	Loss 0.0550 (0.0731)
2023-11-21 21:12:20,848 Test: [50/200]	Time 0.003 (0.033)	Loss 0.1035 (0.0738)
2023-11-21 21:12:20,892 Test: [60/200]	Time 0.004 (0.029)	Loss 0.1029 (0.0749)
2023-11-21 21:12:20,937 Test: [70/200]	Time 0.004 (0.025)	Loss 0.0723 (0.0756)
2023-11-21 21:12:20,981 Test: [80/200]	Time 0.004 (0.023)	Loss 0.0757 (0.0742)
2023-11-21 21:12:21,025 Test: [90/200]	Time 0.004 (0.021)	Loss 0.0739 (0.0756)
2023-11-21 21:12:21,069 Test: [100/200]	Time 0.004 (0.019)	Loss 0.1186 (0.0753)
2023-11-21 21:12:21,112 Test: [110/200]	Time 0.004 (0.018)	Loss 0.1736 (0.0767)
2023-11-21 21:12:21,156 Test: [120/200]	Time 0.004 (0.017)	Loss 0.0814 (0.0757)
2023-11-21 21:12:21,200 Test: [130/200]	Time 0.004 (0.016)	Loss 0.0772 (0.0759)
2023-11-21 21:12:21,242 Test: [140/200]	Time 0.004 (0.015)	Loss 0.0699 (0.0752)
2023-11-21 21:12:21,286 Test: [150/200]	Time 0.004 (0.014)	Loss 0.0585 (0.0741)
2023-11-21 21:12:21,331 Test: [160/200]	Time 0.004 (0.014)	Loss 0.0758 (0.0746)
2023-11-21 21:12:21,381 Test: [170/200]	Time 0.004 (0.013)	Loss 0.0911 (0.0743)
2023-11-21 21:12:21,425 Test: [180/200]	Time 0.005 (0.013)	Loss 0.0611 (0.0739)
2023-11-21 21:12:21,469 Test: [190/200]	Time 0.004 (0.012)	Loss 0.0318 (0.0737)
2023-11-21 21:12:22,464 Mean IoU score: 0.825
2023-11-21 21:12:22,470 => saving checkpoint to out
2023-11-21 21:12:24,185 Epoch: [15][0/200]	Time 1.697s (1.697s)	Speed 18.9 samples/s	Data 1.654s (1.654s)	Loss 0.01090 (0.01090)
2023-11-21 21:12:24,552 Epoch: [15][10/200]	Time 0.025s (0.188s)	Speed 1280.1 samples/s	Data 0.000s (0.156s)	Loss 0.01761 (0.01499)
2023-11-21 21:12:24,666 Epoch: [15][20/200]	Time 0.010s (0.104s)	Speed 3047.7 samples/s	Data 0.000s (0.082s)	Loss 0.01672 (0.01463)
2023-11-21 21:12:24,772 Epoch: [15][30/200]	Time 0.009s (0.074s)	Speed 3368.5 samples/s	Data 0.000s (0.055s)	Loss 0.01431 (0.01491)
2023-11-21 21:12:24,873 Epoch: [15][40/200]	Time 0.010s (0.058s)	Speed 3200.2 samples/s	Data 0.000s (0.042s)	Loss 0.01566 (0.01420)
2023-11-21 21:12:24,975 Epoch: [15][50/200]	Time 0.009s (0.049s)	Speed 3368.5 samples/s	Data 0.000s (0.034s)	Loss 0.01823 (0.01403)
2023-11-21 21:12:25,076 Epoch: [15][60/200]	Time 0.010s (0.042s)	Speed 3049.4 samples/s	Data 0.000s (0.028s)	Loss 0.01211 (0.01399)
2023-11-21 21:12:25,176 Epoch: [15][70/200]	Time 0.009s (0.038s)	Speed 3368.7 samples/s	Data 0.000s (0.024s)	Loss 0.00940 (0.01377)
2023-11-21 21:12:25,276 Epoch: [15][80/200]	Time 0.009s (0.034s)	Speed 3368.6 samples/s	Data 0.000s (0.021s)	Loss 0.01395 (0.01357)
2023-11-21 21:12:25,377 Epoch: [15][90/200]	Time 0.009s (0.032s)	Speed 3368.5 samples/s	Data 0.000s (0.019s)	Loss 0.01063 (0.01351)
2023-11-21 21:12:25,477 Epoch: [15][100/200]	Time 0.009s (0.030s)	Speed 3368.7 samples/s	Data 0.000s (0.017s)	Loss 0.01587 (0.01350)
2023-11-21 21:12:25,576 Epoch: [15][110/200]	Time 0.010s (0.028s)	Speed 3200.1 samples/s	Data 0.000s (0.016s)	Loss 0.01091 (0.01336)
2023-11-21 21:12:25,675 Epoch: [15][120/200]	Time 0.009s (0.026s)	Speed 3368.6 samples/s	Data 0.000s (0.014s)	Loss 0.01282 (0.01328)
2023-11-21 21:12:25,773 Epoch: [15][130/200]	Time 0.009s (0.025s)	Speed 3368.7 samples/s	Data 0.000s (0.013s)	Loss 0.01177 (0.01331)
2023-11-21 21:12:25,871 Epoch: [15][140/200]	Time 0.009s (0.024s)	Speed 3368.5 samples/s	Data 0.000s (0.012s)	Loss 0.01849 (0.01333)
2023-11-21 21:12:25,972 Epoch: [15][150/200]	Time 0.009s (0.023s)	Speed 3369.0 samples/s	Data 0.000s (0.012s)	Loss 0.01953 (0.01338)
2023-11-21 21:12:26,071 Epoch: [15][160/200]	Time 0.010s (0.022s)	Speed 3199.9 samples/s	Data 0.000s (0.011s)	Loss 0.01890 (0.01342)
2023-11-21 21:12:26,170 Epoch: [15][170/200]	Time 0.010s (0.022s)	Speed 3200.1 samples/s	Data 0.000s (0.010s)	Loss 0.00748 (0.01333)
2023-11-21 21:12:26,268 Epoch: [15][180/200]	Time 0.009s (0.021s)	Speed 3368.7 samples/s	Data 0.000s (0.010s)	Loss 0.00962 (0.01319)
2023-11-21 21:12:26,367 Epoch: [15][190/200]	Time 0.009s (0.020s)	Speed 3368.5 samples/s	Data 0.000s (0.009s)	Loss 0.00948 (0.01306)
2023-11-21 21:12:28,215 Test: [0/200]	Time 1.526 (1.526)	Loss 0.1076 (0.1076)
2023-11-21 21:12:28,252 Test: [10/200]	Time 0.003 (0.142)	Loss 0.0085 (0.0654)
2023-11-21 21:12:28,292 Test: [20/200]	Time 0.003 (0.076)	Loss 0.0331 (0.0620)
2023-11-21 21:12:28,333 Test: [30/200]	Time 0.004 (0.053)	Loss 0.1170 (0.0670)
2023-11-21 21:12:28,373 Test: [40/200]	Time 0.004 (0.041)	Loss 0.0594 (0.0697)
2023-11-21 21:12:28,416 Test: [50/200]	Time 0.004 (0.034)	Loss 0.1134 (0.0689)
2023-11-21 21:12:28,458 Test: [60/200]	Time 0.003 (0.029)	Loss 0.1165 (0.0727)
2023-11-21 21:12:28,500 Test: [70/200]	Time 0.004 (0.026)	Loss 0.0479 (0.0729)
2023-11-21 21:12:28,542 Test: [80/200]	Time 0.004 (0.023)	Loss 0.0578 (0.0703)
2023-11-21 21:12:28,586 Test: [90/200]	Time 0.004 (0.021)	Loss 0.1025 (0.0709)
2023-11-21 21:12:28,628 Test: [100/200]	Time 0.004 (0.019)	Loss 0.1084 (0.0702)
2023-11-21 21:12:28,673 Test: [110/200]	Time 0.005 (0.018)	Loss 0.1902 (0.0719)
2023-11-21 21:12:28,716 Test: [120/200]	Time 0.003 (0.017)	Loss 0.0675 (0.0713)
2023-11-21 21:12:28,759 Test: [130/200]	Time 0.004 (0.016)	Loss 0.0460 (0.0718)
2023-11-21 21:12:28,802 Test: [140/200]	Time 0.004 (0.015)	Loss 0.0492 (0.0710)
2023-11-21 21:12:28,844 Test: [150/200]	Time 0.004 (0.014)	Loss 0.0625 (0.0700)
2023-11-21 21:12:28,886 Test: [160/200]	Time 0.003 (0.014)	Loss 0.0779 (0.0702)
2023-11-21 21:12:28,928 Test: [170/200]	Time 0.003 (0.013)	Loss 0.0688 (0.0694)
2023-11-21 21:12:28,976 Test: [180/200]	Time 0.004 (0.013)	Loss 0.0416 (0.0688)
2023-11-21 21:12:29,019 Test: [190/200]	Time 0.004 (0.012)	Loss 0.0252 (0.0684)
2023-11-21 21:12:29,732 Mean IoU score: 0.836
2023-11-21 21:12:29,738 => saving checkpoint to out
2023-11-21 21:12:31,561 Epoch: [16][0/200]	Time 1.804s (1.804s)	Speed 17.7 samples/s	Data 1.771s (1.771s)	Loss 0.00847 (0.00847)
2023-11-21 21:12:31,974 Epoch: [16][10/200]	Time 0.014s (0.202s)	Speed 2207.1 samples/s	Data 0.000s (0.171s)	Loss 0.01120 (0.01079)
2023-11-21 21:12:32,081 Epoch: [16][20/200]	Time 0.010s (0.111s)	Speed 3047.7 samples/s	Data 0.000s (0.090s)	Loss 0.01060 (0.01110)
2023-11-21 21:12:32,186 Epoch: [16][30/200]	Time 0.009s (0.078s)	Speed 3368.6 samples/s	Data 0.000s (0.061s)	Loss 0.00888 (0.01076)
2023-11-21 21:12:32,285 Epoch: [16][40/200]	Time 0.009s (0.062s)	Speed 3368.5 samples/s	Data 0.000s (0.046s)	Loss 0.00961 (0.01033)
2023-11-21 21:12:32,384 Epoch: [16][50/200]	Time 0.009s (0.052s)	Speed 3368.5 samples/s	Data 0.000s (0.037s)	Loss 0.01075 (0.01000)
2023-11-21 21:12:32,483 Epoch: [16][60/200]	Time 0.010s (0.045s)	Speed 3200.1 samples/s	Data 0.000s (0.031s)	Loss 0.00925 (0.00989)
2023-11-21 21:12:32,582 Epoch: [16][70/200]	Time 0.009s (0.040s)	Speed 3368.5 samples/s	Data 0.000s (0.027s)	Loss 0.00843 (0.00978)
2023-11-21 21:12:32,680 Epoch: [16][80/200]	Time 0.009s (0.036s)	Speed 3368.5 samples/s	Data 0.000s (0.023s)	Loss 0.00561 (0.00960)
2023-11-21 21:12:32,778 Epoch: [16][90/200]	Time 0.009s (0.033s)	Speed 3368.7 samples/s	Data 0.000s (0.021s)	Loss 0.00984 (0.00970)
2023-11-21 21:12:32,877 Epoch: [16][100/200]	Time 0.010s (0.031s)	Speed 3200.2 samples/s	Data 0.000s (0.019s)	Loss 0.01113 (0.00972)
2023-11-21 21:12:32,976 Epoch: [16][110/200]	Time 0.009s (0.029s)	Speed 3368.6 samples/s	Data 0.000s (0.017s)	Loss 0.00930 (0.00967)
2023-11-21 21:12:33,075 Epoch: [16][120/200]	Time 0.010s (0.027s)	Speed 3200.2 samples/s	Data 0.000s (0.016s)	Loss 0.01105 (0.00967)
2023-11-21 21:12:33,173 Epoch: [16][130/200]	Time 0.009s (0.026s)	Speed 3368.6 samples/s	Data 0.000s (0.015s)	Loss 0.00812 (0.00956)
2023-11-21 21:12:33,271 Epoch: [16][140/200]	Time 0.009s (0.025s)	Speed 3368.6 samples/s	Data 0.000s (0.014s)	Loss 0.01025 (0.00951)
2023-11-21 21:12:33,373 Epoch: [16][150/200]	Time 0.012s (0.024s)	Speed 2666.8 samples/s	Data 0.000s (0.013s)	Loss 0.00928 (0.00952)
2023-11-21 21:12:33,471 Epoch: [16][160/200]	Time 0.009s (0.023s)	Speed 3368.6 samples/s	Data 0.000s (0.012s)	Loss 0.00817 (0.00952)
2023-11-21 21:12:33,570 Epoch: [16][170/200]	Time 0.010s (0.022s)	Speed 3200.3 samples/s	Data 0.001s (0.011s)	Loss 0.01198 (0.00957)
2023-11-21 21:12:33,669 Epoch: [16][180/200]	Time 0.010s (0.022s)	Speed 3200.2 samples/s	Data 0.001s (0.011s)	Loss 0.00877 (0.00950)
2023-11-21 21:12:33,766 Epoch: [16][190/200]	Time 0.009s (0.021s)	Speed 3368.6 samples/s	Data 0.000s (0.010s)	Loss 0.00919 (0.00950)
2023-11-21 21:12:35,614 Test: [0/200]	Time 1.533 (1.533)	Loss 0.0684 (0.0684)
2023-11-21 21:12:35,650 Test: [10/200]	Time 0.003 (0.143)	Loss 0.0215 (0.0512)
2023-11-21 21:12:35,691 Test: [20/200]	Time 0.003 (0.077)	Loss 0.0235 (0.0512)
2023-11-21 21:12:35,732 Test: [30/200]	Time 0.004 (0.053)	Loss 0.0781 (0.0569)
2023-11-21 21:12:35,773 Test: [40/200]	Time 0.004 (0.041)	Loss 0.0360 (0.0590)
2023-11-21 21:12:35,815 Test: [50/200]	Time 0.004 (0.034)	Loss 0.0874 (0.0590)
2023-11-21 21:12:35,857 Test: [60/200]	Time 0.003 (0.029)	Loss 0.0775 (0.0607)
2023-11-21 21:12:35,900 Test: [70/200]	Time 0.004 (0.026)	Loss 0.0515 (0.0598)
2023-11-21 21:12:35,944 Test: [80/200]	Time 0.004 (0.023)	Loss 0.0656 (0.0590)
2023-11-21 21:12:35,990 Test: [90/200]	Time 0.004 (0.021)	Loss 0.0657 (0.0598)
2023-11-21 21:12:36,035 Test: [100/200]	Time 0.004 (0.019)	Loss 0.1112 (0.0597)
2023-11-21 21:12:36,078 Test: [110/200]	Time 0.004 (0.018)	Loss 0.1468 (0.0608)
2023-11-21 21:12:36,123 Test: [120/200]	Time 0.004 (0.017)	Loss 0.0694 (0.0599)
2023-11-21 21:12:36,166 Test: [130/200]	Time 0.004 (0.016)	Loss 0.0466 (0.0599)
2023-11-21 21:12:36,209 Test: [140/200]	Time 0.004 (0.015)	Loss 0.0571 (0.0589)
2023-11-21 21:12:36,253 Test: [150/200]	Time 0.004 (0.014)	Loss 0.0413 (0.0579)
2023-11-21 21:12:36,296 Test: [160/200]	Time 0.004 (0.014)	Loss 0.0833 (0.0581)
2023-11-21 21:12:36,341 Test: [170/200]	Time 0.004 (0.013)	Loss 0.0698 (0.0575)
2023-11-21 21:12:36,393 Test: [180/200]	Time 0.005 (0.013)	Loss 0.0375 (0.0570)
2023-11-21 21:12:36,439 Test: [190/200]	Time 0.003 (0.012)	Loss 0.0216 (0.0570)
2023-11-21 21:12:37,441 Mean IoU score: 0.859
2023-11-21 21:12:37,447 => saving checkpoint to out
2023-11-21 21:12:39,169 Epoch: [17][0/200]	Time 1.704s (1.704s)	Speed 18.8 samples/s	Data 1.666s (1.666s)	Loss 0.00915 (0.00915)
2023-11-21 21:12:39,429 Epoch: [17][10/200]	Time 0.010s (0.179s)	Speed 3047.8 samples/s	Data 0.000s (0.155s)	Loss 0.00797 (0.00793)
2023-11-21 21:12:39,537 Epoch: [17][20/200]	Time 0.010s (0.099s)	Speed 3047.7 samples/s	Data 0.000s (0.081s)	Loss 0.00927 (0.00838)
2023-11-21 21:12:39,639 Epoch: [17][30/200]	Time 0.010s (0.070s)	Speed 3199.9 samples/s	Data 0.001s (0.055s)	Loss 0.00753 (0.00832)
2023-11-21 21:12:39,738 Epoch: [17][40/200]	Time 0.010s (0.055s)	Speed 3200.0 samples/s	Data 0.000s (0.042s)	Loss 0.00789 (0.00842)
2023-11-21 21:12:39,836 Epoch: [17][50/200]	Time 0.010s (0.046s)	Speed 3368.2 samples/s	Data 0.000s (0.034s)	Loss 0.00851 (0.00840)
2023-11-21 21:12:39,936 Epoch: [17][60/200]	Time 0.010s (0.041s)	Speed 3199.9 samples/s	Data 0.000s (0.028s)	Loss 0.00996 (0.00831)
2023-11-21 21:12:40,037 Epoch: [17][70/200]	Time 0.010s (0.036s)	Speed 3199.9 samples/s	Data 0.000s (0.024s)	Loss 0.00797 (0.00829)
2023-11-21 21:12:40,136 Epoch: [17][80/200]	Time 0.010s (0.033s)	Speed 3200.8 samples/s	Data 0.000s (0.021s)	Loss 0.00984 (0.00826)
2023-11-21 21:12:40,236 Epoch: [17][90/200]	Time 0.009s (0.030s)	Speed 3368.5 samples/s	Data 0.000s (0.019s)	Loss 0.00822 (0.00822)
2023-11-21 21:12:40,334 Epoch: [17][100/200]	Time 0.009s (0.028s)	Speed 3369.3 samples/s	Data 0.000s (0.017s)	Loss 0.00736 (0.00812)
2023-11-21 21:12:40,432 Epoch: [17][110/200]	Time 0.009s (0.027s)	Speed 3368.6 samples/s	Data 0.000s (0.016s)	Loss 0.00552 (0.00816)
2023-11-21 21:12:40,532 Epoch: [17][120/200]	Time 0.009s (0.025s)	Speed 3369.3 samples/s	Data 0.000s (0.014s)	Loss 0.00711 (0.00813)
2023-11-21 21:12:40,632 Epoch: [17][130/200]	Time 0.010s (0.024s)	Speed 3199.6 samples/s	Data 0.001s (0.013s)	Loss 0.00838 (0.00812)
2023-11-21 21:12:40,732 Epoch: [17][140/200]	Time 0.010s (0.023s)	Speed 3200.2 samples/s	Data 0.001s (0.012s)	Loss 0.00644 (0.00806)
2023-11-21 21:12:40,829 Epoch: [17][150/200]	Time 0.009s (0.022s)	Speed 3368.6 samples/s	Data 0.000s (0.011s)	Loss 0.00615 (0.00803)
2023-11-21 21:12:40,928 Epoch: [17][160/200]	Time 0.009s (0.022s)	Speed 3368.7 samples/s	Data 0.000s (0.011s)	Loss 0.00788 (0.00803)
2023-11-21 21:12:41,030 Epoch: [17][170/200]	Time 0.010s (0.021s)	Speed 3200.2 samples/s	Data 0.000s (0.010s)	Loss 0.00755 (0.00805)
2023-11-21 21:12:41,130 Epoch: [17][180/200]	Time 0.010s (0.020s)	Speed 3200.2 samples/s	Data 0.000s (0.010s)	Loss 0.00663 (0.00800)
2023-11-21 21:12:41,231 Epoch: [17][190/200]	Time 0.009s (0.020s)	Speed 3368.5 samples/s	Data 0.000s (0.009s)	Loss 0.00752 (0.00797)
2023-11-21 21:12:43,054 Test: [0/200]	Time 1.484 (1.484)	Loss 0.0709 (0.0709)
2023-11-21 21:12:43,092 Test: [10/200]	Time 0.004 (0.138)	Loss 0.0085 (0.0498)
2023-11-21 21:12:43,131 Test: [20/200]	Time 0.004 (0.074)	Loss 0.0196 (0.0498)
2023-11-21 21:12:43,178 Test: [30/200]	Time 0.004 (0.052)	Loss 0.0685 (0.0535)
2023-11-21 21:12:43,225 Test: [40/200]	Time 0.004 (0.040)	Loss 0.0400 (0.0550)
2023-11-21 21:12:43,271 Test: [50/200]	Time 0.004 (0.033)	Loss 0.0986 (0.0551)
2023-11-21 21:12:43,316 Test: [60/200]	Time 0.004 (0.029)	Loss 0.0875 (0.0572)
2023-11-21 21:12:43,361 Test: [70/200]	Time 0.004 (0.025)	Loss 0.0537 (0.0564)
2023-11-21 21:12:43,405 Test: [80/200]	Time 0.004 (0.023)	Loss 0.0557 (0.0555)
2023-11-21 21:12:43,449 Test: [90/200]	Time 0.004 (0.021)	Loss 0.0616 (0.0565)
2023-11-21 21:12:43,494 Test: [100/200]	Time 0.004 (0.019)	Loss 0.0908 (0.0563)
2023-11-21 21:12:43,538 Test: [110/200]	Time 0.004 (0.018)	Loss 0.1450 (0.0574)
2023-11-21 21:12:43,587 Test: [120/200]	Time 0.005 (0.017)	Loss 0.0651 (0.0565)
2023-11-21 21:12:43,631 Test: [130/200]	Time 0.004 (0.016)	Loss 0.0605 (0.0566)
2023-11-21 21:12:43,676 Test: [140/200]	Time 0.004 (0.015)	Loss 0.0513 (0.0558)
2023-11-21 21:12:43,719 Test: [150/200]	Time 0.004 (0.014)	Loss 0.0444 (0.0547)
2023-11-21 21:12:43,763 Test: [160/200]	Time 0.004 (0.014)	Loss 0.0672 (0.0548)
2023-11-21 21:12:43,809 Test: [170/200]	Time 0.004 (0.013)	Loss 0.0563 (0.0542)
2023-11-21 21:12:43,852 Test: [180/200]	Time 0.004 (0.013)	Loss 0.0348 (0.0536)
2023-11-21 21:12:43,896 Test: [190/200]	Time 0.004 (0.012)	Loss 0.0192 (0.0534)
2023-11-21 21:12:44,591 Mean IoU score: 0.872
2023-11-21 21:12:44,597 => saving checkpoint to out
2023-11-21 21:12:46,436 Epoch: [18][0/200]	Time 1.813s (1.813s)	Speed 17.7 samples/s	Data 1.770s (1.770s)	Loss 0.00793 (0.00793)
2023-11-21 21:12:46,780 Epoch: [18][10/200]	Time 0.011s (0.196s)	Speed 2909.0 samples/s	Data 0.000s (0.166s)	Loss 0.00625 (0.00770)
2023-11-21 21:12:46,887 Epoch: [18][20/200]	Time 0.010s (0.108s)	Speed 3047.8 samples/s	Data 0.000s (0.087s)	Loss 0.00976 (0.00790)
2023-11-21 21:12:46,993 Epoch: [18][30/200]	Time 0.009s (0.076s)	Speed 3368.5 samples/s	Data 0.000s (0.059s)	Loss 0.00652 (0.00762)
2023-11-21 21:12:47,091 Epoch: [18][40/200]	Time 0.010s (0.060s)	Speed 3200.0 samples/s	Data 0.000s (0.045s)	Loss 0.00965 (0.00756)
2023-11-21 21:12:47,190 Epoch: [18][50/200]	Time 0.010s (0.050s)	Speed 3368.4 samples/s	Data 0.000s (0.036s)	Loss 0.00699 (0.00741)
2023-11-21 21:12:47,289 Epoch: [18][60/200]	Time 0.009s (0.044s)	Speed 3368.6 samples/s	Data 0.000s (0.030s)	Loss 0.00490 (0.00735)
2023-11-21 21:12:47,388 Epoch: [18][70/200]	Time 0.009s (0.039s)	Speed 3368.5 samples/s	Data 0.000s (0.026s)	Loss 0.00696 (0.00726)
2023-11-21 21:12:47,486 Epoch: [18][80/200]	Time 0.009s (0.035s)	Speed 3368.5 samples/s	Data 0.000s (0.023s)	Loss 0.00635 (0.00716)
2023-11-21 21:12:47,584 Epoch: [18][90/200]	Time 0.009s (0.033s)	Speed 3368.5 samples/s	Data 0.000s (0.020s)	Loss 0.00581 (0.00718)
2023-11-21 21:12:47,683 Epoch: [18][100/200]	Time 0.010s (0.030s)	Speed 3200.5 samples/s	Data 0.000s (0.018s)	Loss 0.00929 (0.00713)
2023-11-21 21:12:47,782 Epoch: [18][110/200]	Time 0.010s (0.028s)	Speed 3200.2 samples/s	Data 0.000s (0.017s)	Loss 0.00764 (0.00712)
2023-11-21 21:12:47,879 Epoch: [18][120/200]	Time 0.009s (0.027s)	Speed 3368.9 samples/s	Data 0.000s (0.015s)	Loss 0.00712 (0.00711)
2023-11-21 21:12:47,978 Epoch: [18][130/200]	Time 0.009s (0.026s)	Speed 3368.6 samples/s	Data 0.000s (0.014s)	Loss 0.00840 (0.00709)
2023-11-21 21:12:48,076 Epoch: [18][140/200]	Time 0.010s (0.024s)	Speed 3199.9 samples/s	Data 0.000s (0.013s)	Loss 0.00639 (0.00711)
2023-11-21 21:12:48,175 Epoch: [18][150/200]	Time 0.010s (0.024s)	Speed 3200.2 samples/s	Data 0.000s (0.012s)	Loss 0.00670 (0.00712)
2023-11-21 21:12:48,274 Epoch: [18][160/200]	Time 0.009s (0.023s)	Speed 3368.6 samples/s	Data 0.000s (0.012s)	Loss 0.00542 (0.00714)
2023-11-21 21:12:48,372 Epoch: [18][170/200]	Time 0.010s (0.022s)	Speed 3047.7 samples/s	Data 0.000s (0.011s)	Loss 0.00875 (0.00715)
2023-11-21 21:12:48,475 Epoch: [18][180/200]	Time 0.010s (0.021s)	Speed 3200.2 samples/s	Data 0.000s (0.010s)	Loss 0.00886 (0.00717)
2023-11-21 21:12:48,573 Epoch: [18][190/200]	Time 0.010s (0.021s)	Speed 3200.3 samples/s	Data 0.000s (0.010s)	Loss 0.00737 (0.00719)
2023-11-21 21:12:50,388 Test: [0/200]	Time 1.503 (1.503)	Loss 0.0838 (0.0838)
2023-11-21 21:12:50,424 Test: [10/200]	Time 0.003 (0.140)	Loss 0.0079 (0.0519)
2023-11-21 21:12:50,464 Test: [20/200]	Time 0.003 (0.075)	Loss 0.0201 (0.0532)
2023-11-21 21:12:50,503 Test: [30/200]	Time 0.003 (0.052)	Loss 0.0589 (0.0564)
2023-11-21 21:12:50,543 Test: [40/200]	Time 0.003 (0.040)	Loss 0.0401 (0.0579)
2023-11-21 21:12:50,585 Test: [50/200]	Time 0.004 (0.033)	Loss 0.0998 (0.0580)
2023-11-21 21:12:50,628 Test: [60/200]	Time 0.003 (0.029)	Loss 0.0900 (0.0599)
2023-11-21 21:12:50,673 Test: [70/200]	Time 0.004 (0.025)	Loss 0.0503 (0.0592)
2023-11-21 21:12:50,715 Test: [80/200]	Time 0.004 (0.023)	Loss 0.0748 (0.0583)
2023-11-21 21:12:50,758 Test: [90/200]	Time 0.004 (0.021)	Loss 0.0600 (0.0594)
2023-11-21 21:12:50,799 Test: [100/200]	Time 0.004 (0.019)	Loss 0.0920 (0.0593)
2023-11-21 21:12:50,842 Test: [110/200]	Time 0.004 (0.018)	Loss 0.1588 (0.0601)
2023-11-21 21:12:50,885 Test: [120/200]	Time 0.003 (0.017)	Loss 0.0629 (0.0591)
2023-11-21 21:12:50,928 Test: [130/200]	Time 0.004 (0.016)	Loss 0.0626 (0.0593)
2023-11-21 21:12:50,974 Test: [140/200]	Time 0.004 (0.015)	Loss 0.0463 (0.0584)
2023-11-21 21:12:51,018 Test: [150/200]	Time 0.005 (0.014)	Loss 0.0421 (0.0573)
2023-11-21 21:12:51,059 Test: [160/200]	Time 0.004 (0.013)	Loss 0.0689 (0.0575)
2023-11-21 21:12:51,101 Test: [170/200]	Time 0.004 (0.013)	Loss 0.0549 (0.0569)
2023-11-21 21:12:51,144 Test: [180/200]	Time 0.003 (0.012)	Loss 0.0374 (0.0563)
2023-11-21 21:12:51,187 Test: [190/200]	Time 0.004 (0.012)	Loss 0.0220 (0.0560)
2023-11-21 21:12:52,041 Mean IoU score: 0.866
2023-11-21 21:12:52,046 => saving checkpoint to out
2023-11-21 21:12:53,834 Epoch: [19][0/200]	Time 1.770s (1.770s)	Speed 18.1 samples/s	Data 1.734s (1.734s)	Loss 0.00837 (0.00837)
2023-11-21 21:12:54,151 Epoch: [19][10/200]	Time 0.022s (0.190s)	Speed 1454.6 samples/s	Data 0.000s (0.161s)	Loss 0.00798 (0.00711)
2023-11-21 21:12:54,261 Epoch: [19][20/200]	Time 0.010s (0.105s)	Speed 3047.8 samples/s	Data 0.000s (0.085s)	Loss 0.00686 (0.00683)
2023-11-21 21:12:54,367 Epoch: [19][30/200]	Time 0.010s (0.074s)	Speed 3200.2 samples/s	Data 0.000s (0.057s)	Loss 0.00758 (0.00686)
2023-11-21 21:12:54,468 Epoch: [19][40/200]	Time 0.009s (0.059s)	Speed 3368.5 samples/s	Data 0.000s (0.043s)	Loss 0.00606 (0.00687)
2023-11-21 21:12:54,567 Epoch: [19][50/200]	Time 0.010s (0.049s)	Speed 3200.2 samples/s	Data 0.000s (0.035s)	Loss 0.00702 (0.00691)
2023-11-21 21:12:54,667 Epoch: [19][60/200]	Time 0.010s (0.043s)	Speed 3047.6 samples/s	Data 0.000s (0.029s)	Loss 0.00744 (0.00689)
2023-11-21 21:12:54,767 Epoch: [19][70/200]	Time 0.010s (0.038s)	Speed 3200.2 samples/s	Data 0.000s (0.025s)	Loss 0.00624 (0.00688)
2023-11-21 21:12:54,867 Epoch: [19][80/200]	Time 0.010s (0.035s)	Speed 3368.1 samples/s	Data 0.000s (0.022s)	Loss 0.00759 (0.00692)
2023-11-21 21:12:54,967 Epoch: [19][90/200]	Time 0.010s (0.032s)	Speed 3368.2 samples/s	Data 0.000s (0.020s)	Loss 0.00754 (0.00697)
2023-11-21 21:12:55,066 Epoch: [19][100/200]	Time 0.010s (0.030s)	Speed 3367.9 samples/s	Data 0.001s (0.018s)	Loss 0.00928 (0.00700)
2023-11-21 21:12:55,165 Epoch: [19][110/200]	Time 0.010s (0.028s)	Speed 3200.6 samples/s	Data 0.000s (0.016s)	Loss 0.00618 (0.00696)
2023-11-21 21:12:55,265 Epoch: [19][120/200]	Time 0.009s (0.026s)	Speed 3368.6 samples/s	Data 0.000s (0.015s)	Loss 0.00666 (0.00691)
2023-11-21 21:12:55,366 Epoch: [19][130/200]	Time 0.009s (0.025s)	Speed 3369.2 samples/s	Data 0.000s (0.014s)	Loss 0.00673 (0.00691)
2023-11-21 21:12:55,463 Epoch: [19][140/200]	Time 0.009s (0.024s)	Speed 3368.6 samples/s	Data 0.000s (0.013s)	Loss 0.00584 (0.00697)
2023-11-21 21:12:55,562 Epoch: [19][150/200]	Time 0.009s (0.023s)	Speed 3368.7 samples/s	Data 0.000s (0.012s)	Loss 0.00718 (0.00699)
2023-11-21 21:12:55,663 Epoch: [19][160/200]	Time 0.009s (0.022s)	Speed 3368.7 samples/s	Data 0.000s (0.011s)	Loss 0.00862 (0.00702)
2023-11-21 21:12:55,761 Epoch: [19][170/200]	Time 0.009s (0.022s)	Speed 3368.5 samples/s	Data 0.000s (0.011s)	Loss 0.00604 (0.00700)
2023-11-21 21:12:55,860 Epoch: [19][180/200]	Time 0.009s (0.021s)	Speed 3368.5 samples/s	Data 0.000s (0.010s)	Loss 0.00790 (0.00700)
2023-11-21 21:12:55,959 Epoch: [19][190/200]	Time 0.010s (0.020s)	Speed 3200.2 samples/s	Data 0.000s (0.010s)	Loss 0.00733 (0.00703)
2023-11-21 21:12:57,885 Test: [0/200]	Time 1.585 (1.585)	Loss 0.0830 (0.0830)
2023-11-21 21:12:57,922 Test: [10/200]	Time 0.003 (0.147)	Loss 0.0081 (0.0537)
2023-11-21 21:12:57,968 Test: [20/200]	Time 0.004 (0.079)	Loss 0.0196 (0.0525)
2023-11-21 21:12:58,013 Test: [30/200]	Time 0.004 (0.055)	Loss 0.0639 (0.0558)
2023-11-21 21:12:58,059 Test: [40/200]	Time 0.004 (0.043)	Loss 0.0413 (0.0572)
2023-11-21 21:12:58,103 Test: [50/200]	Time 0.004 (0.035)	Loss 0.1119 (0.0577)
2023-11-21 21:12:58,151 Test: [60/200]	Time 0.004 (0.030)	Loss 0.0887 (0.0595)
2023-11-21 21:12:58,196 Test: [70/200]	Time 0.004 (0.027)	Loss 0.0511 (0.0588)
2023-11-21 21:12:58,243 Test: [80/200]	Time 0.004 (0.024)	Loss 0.0609 (0.0577)
2023-11-21 21:12:58,289 Test: [90/200]	Time 0.004 (0.022)	Loss 0.0615 (0.0590)
2023-11-21 21:12:58,334 Test: [100/200]	Time 0.004 (0.020)	Loss 0.0990 (0.0588)
2023-11-21 21:12:58,380 Test: [110/200]	Time 0.004 (0.019)	Loss 0.1533 (0.0598)
2023-11-21 21:12:58,424 Test: [120/200]	Time 0.004 (0.018)	Loss 0.0598 (0.0589)
2023-11-21 21:12:58,468 Test: [130/200]	Time 0.004 (0.017)	Loss 0.0553 (0.0590)
2023-11-21 21:12:58,513 Test: [140/200]	Time 0.004 (0.016)	Loss 0.0544 (0.0582)
2023-11-21 21:12:58,558 Test: [150/200]	Time 0.004 (0.015)	Loss 0.0448 (0.0571)
2023-11-21 21:12:58,603 Test: [160/200]	Time 0.004 (0.014)	Loss 0.0690 (0.0575)
2023-11-21 21:12:58,650 Test: [170/200]	Time 0.004 (0.014)	Loss 0.0570 (0.0569)
2023-11-21 21:12:58,696 Test: [180/200]	Time 0.004 (0.013)	Loss 0.0365 (0.0563)
2023-11-21 21:12:58,740 Test: [190/200]	Time 0.004 (0.013)	Loss 0.0220 (0.0561)
2023-11-21 21:12:59,428 Mean IoU score: 0.869
2023-11-21 21:12:59,434 => saving checkpoint to out
2023-11-21 21:12:59,449 saving final model state to out\final_state.pth.tar
