2023-11-21 20:49:02,333 Namespace(eval_interval=1, frequent=10, gpu=False, num_workers=4, out_dir='out')
2023-11-21 20:49:02,551 => load 200 samples
2023-11-21 20:49:02,553 => load 200 samples
2023-11-21 20:49:05,568 Epoch: [0][0/200]	Time 3.013s (3.013s)	Speed 10.6 samples/s	Data 2.546s (2.546s)	Loss 2.53597 (2.53597)
2023-11-21 20:49:09,421 Epoch: [0][10/200]	Time 0.378s (0.624s)	Speed 84.7 samples/s	Data 0.000s (0.232s)	Loss 2.05274 (2.26276)
2023-11-21 20:49:13,215 Epoch: [0][20/200]	Time 0.377s (0.508s)	Speed 84.8 samples/s	Data 0.000s (0.122s)	Loss 1.76644 (2.08518)
2023-11-21 20:49:16,955 Epoch: [0][30/200]	Time 0.375s (0.465s)	Speed 85.2 samples/s	Data 0.000s (0.082s)	Loss 1.51338 (1.93464)
2023-11-21 20:49:20,662 Epoch: [0][40/200]	Time 0.365s (0.442s)	Speed 87.6 samples/s	Data 0.000s (0.062s)	Loss 1.28834 (1.80120)
2023-11-21 20:49:24,692 Epoch: [0][50/200]	Time 0.449s (0.434s)	Speed 71.2 samples/s	Data 0.000s (0.050s)	Loss 1.09596 (1.68021)
2023-11-21 20:49:28,491 Epoch: [0][60/200]	Time 0.375s (0.425s)	Speed 85.2 samples/s	Data 0.000s (0.042s)	Loss 0.92757 (1.56848)
2023-11-21 20:49:32,263 Epoch: [0][70/200]	Time 0.389s (0.418s)	Speed 82.3 samples/s	Data 0.000s (0.036s)	Loss 0.77018 (1.46666)
2023-11-21 20:49:36,043 Epoch: [0][80/200]	Time 0.385s (0.413s)	Speed 83.1 samples/s	Data 0.000s (0.032s)	Loss 0.65927 (1.37320)
2023-11-21 20:49:39,816 Epoch: [0][90/200]	Time 0.380s (0.409s)	Speed 84.1 samples/s	Data 0.000s (0.028s)	Loss 0.57903 (1.28901)
2023-11-21 20:49:44,036 Epoch: [0][100/200]	Time 0.449s (0.411s)	Speed 71.3 samples/s	Data 0.000s (0.025s)	Loss 0.48659 (1.21321)
2023-11-21 20:49:47,760 Epoch: [0][110/200]	Time 0.387s (0.407s)	Speed 82.6 samples/s	Data 0.001s (0.023s)	Loss 0.41623 (1.14468)
2023-11-21 20:49:51,519 Epoch: [0][120/200]	Time 0.372s (0.405s)	Speed 85.9 samples/s	Data 0.000s (0.021s)	Loss 0.36466 (1.08290)
2023-11-21 20:49:55,278 Epoch: [0][130/200]	Time 0.384s (0.402s)	Speed 83.2 samples/s	Data 0.000s (0.020s)	Loss 0.34675 (1.02686)
2023-11-21 20:49:59,025 Epoch: [0][140/200]	Time 0.380s (0.401s)	Speed 84.2 samples/s	Data 0.000s (0.018s)	Loss 0.30772 (0.97694)
2023-11-21 20:50:02,759 Epoch: [0][150/200]	Time 0.368s (0.399s)	Speed 86.8 samples/s	Data 0.000s (0.017s)	Loss 0.28685 (0.93132)
2023-11-21 20:50:06,657 Epoch: [0][160/200]	Time 0.367s (0.398s)	Speed 87.1 samples/s	Data 0.000s (0.016s)	Loss 0.27018 (0.89026)
2023-11-21 20:50:10,380 Epoch: [0][170/200]	Time 0.379s (0.397s)	Speed 84.4 samples/s	Data 0.000s (0.015s)	Loss 0.25882 (0.85298)
2023-11-21 20:50:14,120 Epoch: [0][180/200]	Time 0.383s (0.395s)	Speed 83.6 samples/s	Data 0.001s (0.014s)	Loss 0.23129 (0.81908)
2023-11-21 20:50:17,879 Epoch: [0][190/200]	Time 0.382s (0.394s)	Speed 83.7 samples/s	Data 0.000s (0.014s)	Loss 0.20846 (0.78757)
2023-11-21 20:50:23,222 Test: [0/200]	Time 1.770 (1.770)	Loss 0.4387 (0.4387)
2023-11-21 20:50:23,552 Test: [10/200]	Time 0.030 (0.191)	Loss 0.1493 (0.3589)
2023-11-21 20:50:23,858 Test: [20/200]	Time 0.029 (0.115)	Loss 0.2623 (0.3706)
2023-11-21 20:50:24,155 Test: [30/200]	Time 0.029 (0.087)	Loss 0.5442 (0.3783)
2023-11-21 20:50:24,453 Test: [40/200]	Time 0.029 (0.073)	Loss 0.3961 (0.3930)
2023-11-21 20:50:24,751 Test: [50/200]	Time 0.033 (0.065)	Loss 0.4706 (0.3963)
2023-11-21 20:50:25,044 Test: [60/200]	Time 0.029 (0.059)	Loss 0.4545 (0.3966)
2023-11-21 20:50:25,338 Test: [70/200]	Time 0.030 (0.055)	Loss 0.3809 (0.3959)
2023-11-21 20:50:25,631 Test: [80/200]	Time 0.027 (0.052)	Loss 0.4767 (0.3910)
2023-11-21 20:50:25,934 Test: [90/200]	Time 0.029 (0.049)	Loss 0.4809 (0.3943)
2023-11-21 20:50:26,238 Test: [100/200]	Time 0.030 (0.047)	Loss 0.4871 (0.3932)
2023-11-21 20:50:26,535 Test: [110/200]	Time 0.029 (0.046)	Loss 0.4674 (0.3947)
2023-11-21 20:50:26,827 Test: [120/200]	Time 0.028 (0.044)	Loss 0.4523 (0.3922)
2023-11-21 20:50:27,129 Test: [130/200]	Time 0.029 (0.043)	Loss 0.3803 (0.3963)
2023-11-21 20:50:27,433 Test: [140/200]	Time 0.028 (0.042)	Loss 0.3548 (0.3953)
2023-11-21 20:50:27,725 Test: [150/200]	Time 0.028 (0.042)	Loss 0.4384 (0.3942)
2023-11-21 20:50:28,020 Test: [160/200]	Time 0.028 (0.041)	Loss 0.4112 (0.3940)
2023-11-21 20:50:28,317 Test: [170/200]	Time 0.029 (0.040)	Loss 0.2877 (0.3916)
2023-11-21 20:50:28,606 Test: [180/200]	Time 0.028 (0.040)	Loss 0.3324 (0.3896)
2023-11-21 20:50:28,895 Test: [190/200]	Time 0.030 (0.039)	Loss 0.3327 (0.3908)
2023-11-21 20:50:29,820 Mean IoU score: 0.186
2023-11-21 20:50:29,823 => saving checkpoint to out
2023-11-21 20:50:31,930 Epoch: [1][0/200]	Time 2.093s (2.093s)	Speed 15.3 samples/s	Data 1.656s (1.656s)	Loss 0.20056 (0.20056)
2023-11-21 20:50:36,036 Epoch: [1][10/200]	Time 0.454s (0.564s)	Speed 70.5 samples/s	Data 0.000s (0.151s)	Loss 0.19972 (0.20750)
2023-11-21 20:50:39,988 Epoch: [1][20/200]	Time 0.384s (0.483s)	Speed 83.2 samples/s	Data 0.001s (0.079s)	Loss 0.25002 (0.20368)
2023-11-21 20:50:44,128 Epoch: [1][30/200]	Time 0.376s (0.461s)	Speed 85.0 samples/s	Data 0.000s (0.054s)	Loss 0.16398 (0.20033)
2023-11-21 20:50:47,942 Epoch: [1][40/200]	Time 0.376s (0.442s)	Speed 85.0 samples/s	Data 0.000s (0.041s)	Loss 0.17833 (0.19500)
2023-11-21 20:50:51,702 Epoch: [1][50/200]	Time 0.371s (0.429s)	Speed 86.1 samples/s	Data 0.000s (0.033s)	Loss 0.15296 (0.19091)
2023-11-21 20:50:55,457 Epoch: [1][60/200]	Time 0.376s (0.420s)	Speed 85.1 samples/s	Data 0.000s (0.027s)	Loss 0.16394 (0.18707)
2023-11-21 20:50:59,198 Epoch: [1][70/200]	Time 0.374s (0.414s)	Speed 85.6 samples/s	Data 0.000s (0.024s)	Loss 0.15681 (0.18311)
2023-11-21 20:51:02,935 Epoch: [1][80/200]	Time 0.374s (0.409s)	Speed 85.6 samples/s	Data 0.000s (0.021s)	Loss 0.11976 (0.17837)
2023-11-21 20:51:06,866 Epoch: [1][90/200]	Time 0.461s (0.407s)	Speed 69.4 samples/s	Data 0.000s (0.018s)	Loss 0.13737 (0.17372)
