2023-11-21 20:45:52,757 Namespace(out_dir='out', frequent=10, eval_interval=1, gpu=False, num_workers=4)
2023-11-21 20:45:53,395 => load 200 samples
2023-11-21 20:45:53,397 => load 200 samples
2023-11-21 20:45:55,540 Epoch: [0][0/200]	Time 2.143s (2.143s)	Speed 14.9 samples/s	Data 1.903s (1.903s)	Loss 2.53597 (2.53597)
2023-11-21 20:45:56,606 Epoch: [0][10/200]	Time 0.107s (0.292s)	Speed 299.1 samples/s	Data 0.000s (0.173s)	Loss 2.05280 (2.26285)
2023-11-21 20:45:57,673 Epoch: [0][20/200]	Time 0.104s (0.204s)	Speed 306.2 samples/s	Data 0.001s (0.091s)	Loss 1.76612 (2.08518)
2023-11-21 20:45:58,778 Epoch: [0][30/200]	Time 0.112s (0.174s)	Speed 284.5 samples/s	Data 0.001s (0.062s)	Loss 1.51302 (1.93463)
2023-11-21 20:45:59,889 Epoch: [0][40/200]	Time 0.111s (0.158s)	Speed 287.0 samples/s	Data 0.001s (0.047s)	Loss 1.28865 (1.80122)
2023-11-21 20:46:00,998 Epoch: [0][50/200]	Time 0.110s (0.149s)	Speed 290.9 samples/s	Data 0.000s (0.038s)	Loss 1.09599 (1.68026)
2023-11-21 20:46:02,114 Epoch: [0][60/200]	Time 0.111s (0.143s)	Speed 288.3 samples/s	Data 0.000s (0.032s)	Loss 0.92908 (1.56864)
2023-11-21 20:46:03,257 Epoch: [0][70/200]	Time 0.112s (0.139s)	Speed 284.5 samples/s	Data 0.000s (0.027s)	Loss 0.77000 (1.46690)
2023-11-21 20:46:04,409 Epoch: [0][80/200]	Time 0.121s (0.136s)	Speed 263.4 samples/s	Data 0.001s (0.024s)	Loss 0.65953 (1.37350)
2023-11-21 20:46:05,580 Epoch: [0][90/200]	Time 0.118s (0.134s)	Speed 270.1 samples/s	Data 0.001s (0.022s)	Loss 0.58013 (1.28936)
2023-11-21 20:46:06,762 Epoch: [0][100/200]	Time 0.115s (0.132s)	Speed 278.3 samples/s	Data 0.001s (0.020s)	Loss 0.48747 (1.21363)
2023-11-21 20:46:07,990 Epoch: [0][110/200]	Time 0.127s (0.131s)	Speed 251.0 samples/s	Data 0.001s (0.018s)	Loss 0.41750 (1.14516)
2023-11-21 20:46:09,301 Epoch: [0][120/200]	Time 0.133s (0.131s)	Speed 240.6 samples/s	Data 0.001s (0.016s)	Loss 0.36512 (1.08339)
2023-11-21 20:46:10,620 Epoch: [0][130/200]	Time 0.133s (0.131s)	Speed 240.6 samples/s	Data 0.000s (0.015s)	Loss 0.34678 (1.02732)
2023-11-21 20:46:12,121 Epoch: [0][140/200]	Time 0.161s (0.133s)	Speed 198.2 samples/s	Data 0.000s (0.014s)	Loss 0.30838 (0.97739)
2023-11-21 20:46:13,657 Epoch: [0][150/200]	Time 0.133s (0.134s)	Speed 239.7 samples/s	Data 0.000s (0.013s)	Loss 0.28678 (0.93178)
2023-11-21 20:46:14,941 Epoch: [0][160/200]	Time 0.126s (0.134s)	Speed 253.0 samples/s	Data 0.000s (0.013s)	Loss 0.26855 (0.89070)
2023-11-21 20:46:16,137 Epoch: [0][170/200]	Time 0.115s (0.133s)	Speed 278.3 samples/s	Data 0.000s (0.012s)	Loss 0.25879 (0.85344)
2023-11-21 20:46:17,303 Epoch: [0][180/200]	Time 0.108s (0.132s)	Speed 294.9 samples/s	Data 0.000s (0.011s)	Loss 0.23195 (0.81950)
2023-11-21 20:46:18,421 Epoch: [0][190/200]	Time 0.111s (0.131s)	Speed 288.3 samples/s	Data 0.001s (0.011s)	Loss 0.20692 (0.78796)
2023-11-21 20:46:21,276 Test: [0/200]	Time 1.573 (1.573)	Loss 0.4178 (0.4178)
2023-11-21 20:46:21,386 Test: [10/200]	Time 0.010 (0.153)	Loss 0.1490 (0.3444)
2023-11-21 20:46:21,495 Test: [20/200]	Time 0.011 (0.085)	Loss 0.2541 (0.3558)
2023-11-21 20:46:21,603 Test: [30/200]	Time 0.010 (0.061)	Loss 0.5054 (0.3625)
2023-11-21 20:46:21,714 Test: [40/200]	Time 0.010 (0.049)	Loss 0.3822 (0.3771)
2023-11-21 20:46:21,827 Test: [50/200]	Time 0.011 (0.042)	Loss 0.4599 (0.3809)
2023-11-21 20:46:21,939 Test: [60/200]	Time 0.011 (0.037)	Loss 0.4380 (0.3816)
2023-11-21 20:46:22,048 Test: [70/200]	Time 0.010 (0.033)	Loss 0.3670 (0.3808)
2023-11-21 20:46:22,155 Test: [80/200]	Time 0.011 (0.030)	Loss 0.4607 (0.3763)
2023-11-21 20:46:22,265 Test: [90/200]	Time 0.011 (0.028)	Loss 0.4670 (0.3798)
2023-11-21 20:46:22,374 Test: [100/200]	Time 0.011 (0.026)	Loss 0.4630 (0.3786)
2023-11-21 20:46:22,482 Test: [110/200]	Time 0.011 (0.025)	Loss 0.4566 (0.3802)
2023-11-21 20:46:22,590 Test: [120/200]	Time 0.011 (0.024)	Loss 0.4382 (0.3780)
2023-11-21 20:46:22,702 Test: [130/200]	Time 0.011 (0.023)	Loss 0.3592 (0.3820)
2023-11-21 20:46:22,814 Test: [140/200]	Time 0.010 (0.022)	Loss 0.3487 (0.3811)
2023-11-21 20:46:22,928 Test: [150/200]	Time 0.012 (0.021)	Loss 0.4191 (0.3800)
2023-11-21 20:46:23,049 Test: [160/200]	Time 0.012 (0.021)	Loss 0.4005 (0.3800)
2023-11-21 20:46:23,169 Test: [170/200]	Time 0.012 (0.020)	Loss 0.2833 (0.3778)
2023-11-21 20:46:23,289 Test: [180/200]	Time 0.012 (0.020)	Loss 0.3268 (0.3760)
2023-11-21 20:46:23,412 Test: [190/200]	Time 0.012 (0.019)	Loss 0.3134 (0.3770)
2023-11-21 20:46:24,482 Mean IoU score: 0.191
2023-11-21 20:46:24,488 => saving checkpoint to out
2023-11-21 20:46:26,353 Epoch: [1][0/200]	Time 1.847s (1.847s)	Speed 17.3 samples/s	Data 1.704s (1.704s)	Loss 0.19981 (0.19981)
2023-11-21 20:46:27,413 Epoch: [1][10/200]	Time 0.104s (0.264s)	Speed 306.2 samples/s	Data 0.000s (0.155s)	Loss 0.20055 (0.20785)
2023-11-21 20:46:28,500 Epoch: [1][20/200]	Time 0.109s (0.190s)	Speed 292.3 samples/s	Data 0.001s (0.082s)	Loss 0.25358 (0.20426)
2023-11-21 20:46:29,581 Epoch: [1][30/200]	Time 0.104s (0.164s)	Speed 306.2 samples/s	Data 0.001s (0.056s)	Loss 0.16466 (0.20093)
2023-11-21 20:46:30,638 Epoch: [1][40/200]	Time 0.104s (0.150s)	Speed 307.7 samples/s	Data 0.001s (0.042s)	Loss 0.17834 (0.19548)
2023-11-21 20:46:31,695 Epoch: [1][50/200]	Time 0.105s (0.141s)	Speed 303.3 samples/s	Data 0.000s (0.034s)	Loss 0.15342 (0.19139)
2023-11-21 20:46:32,757 Epoch: [1][60/200]	Time 0.108s (0.135s)	Speed 296.3 samples/s	Data 0.001s (0.028s)	Loss 0.16359 (0.18758)
2023-11-21 20:46:34,057 Epoch: [1][70/200]	Time 0.148s (0.135s)	Speed 215.5 samples/s	Data 0.001s (0.025s)	Loss 0.15672 (0.18357)
2023-11-21 20:46:35,213 Epoch: [1][80/200]	Time 0.115s (0.132s)	Speed 277.1 samples/s	Data 0.000s (0.022s)	Loss 0.12136 (0.17891)
